#
# There is insufficient memory for the Java Runtime Environment to continue.
# Native memory allocation (malloc) failed to allocate 32744 bytes for ChunkPool::allocate
# Possible reasons:
#   The system is out of physical RAM or swap space
#   The process is running with CompressedOops enabled, and the Java Heap may be blocking the growth of the native heap
# Possible solutions:
#   Reduce memory load on the system
#   Increase physical memory or swap space
#   Check if swap backing store is full
#   Decrease Java heap size (-Xmx/-Xms)
#   Decrease number of Java threads
#   Decrease Java thread stack sizes (-Xss)
#   Set larger code cache with -XX:ReservedCodeCacheSize=
#   JVM is running with Unscaled Compressed Oops mode in which the Java heap is
#     placed in the first 4GB address space. The Java Heap base address is the
#     maximum limit for the native heap growth. Please use -XX:HeapBaseMinAddress
#     to set the Java Heap base and to place the Java Heap above 4GB virtual address.
# This output file may be truncated or incomplete.
#
#  Out of Memory Error (arena.cpp:78), pid=29512, tid=12896
#
# JRE version: OpenJDK Runtime Environment Microsoft-8035246 (17.0.8+7) (build 17.0.8+7-LTS)
# Java VM: OpenJDK 64-Bit Server VM Microsoft-8035246 (17.0.8+7-LTS, mixed mode, sharing, tiered, compressed oops, compressed class ptrs, g1 gc, windows-amd64)
# No core dump will be written. Minidumps are not enabled by default on client versions of Windows
#

---------------  S U M M A R Y ------------

Command Line: -Xmx64m -Xms64m -Dorg.gradle.appname=gradlew org.gradle.wrapper.GradleWrapperMain app:installDebug -PreactNativeDevServerPort=8081

Host: 11th Gen Intel(R) Core(TM) i7-1165G7 @ 2.80GHz, 8 cores, 7G,  Windows 11 , 64 bit Build 22621 (10.0.22621.4974)
Time: Thu Mar 20 23:28:53 2025 SE Asia Standard Time elapsed time: 74.194094 seconds (0d 0h 1m 14s)

---------------  T H R E A D  ---------------

Current thread (0x000001e7c551c7b0):  JavaThread "C2 CompilerThread0" daemon [_thread_in_native, id=12896, stack(0x0000006ebd900000,0x0000006ebda00000)]


Current CompileTask:
C2:  74194 2008       4       org.gradle.internal.logging.text.AbstractLineChoppingStyledTextOutput$1::execute (9 bytes)

Stack: [0x0000006ebd900000,0x0000006ebda00000]
Native frames: (J=compiled Java code, j=interpreted, Vv=VM code, C=native code)
V  [jvm.dll+0x67bf3a]
V  [jvm.dll+0x83a024]
V  [jvm.dll+0x83b7ce]
V  [jvm.dll+0x83be33]
V  [jvm.dll+0x24785f]
V  [jvm.dll+0xac5dc]
V  [jvm.dll+0xac98c]
V  [jvm.dll+0x345a68]
V  [jvm.dll+0x34dee9]
V  [jvm.dll+0x1a9427]
V  [jvm.dll+0x2ae3b4]
V  [jvm.dll+0x694745]
V  [jvm.dll+0x68c70b]
V  [jvm.dll+0x68bd47]
V  [jvm.dll+0x689c32]
V  [jvm.dll+0x1a896c]
V  [jvm.dll+0x1a9536]
V  [jvm.dll+0x2ae3b4]
V  [jvm.dll+0x694745]
V  [jvm.dll+0x68c70b]
V  [jvm.dll+0x68bd47]
V  [jvm.dll+0x689c32]
V  [jvm.dll+0x1a896c]
V  [jvm.dll+0x1a9536]
V  [jvm.dll+0x2ae3b4]
V  [jvm.dll+0x694745]
V  [jvm.dll+0x68c70b]
V  [jvm.dll+0x68bd47]
V  [jvm.dll+0x689c32]
V  [jvm.dll+0x1a896c]
V  [jvm.dll+0x1a9536]
V  [jvm.dll+0x2ae3b4]
V  [jvm.dll+0x694745]
V  [jvm.dll+0x68c70b]
V  [jvm.dll+0x68bd47]
V  [jvm.dll+0x689c32]
V  [jvm.dll+0x1a896c]
V  [jvm.dll+0x1a9536]
V  [jvm.dll+0x2ae3b4]
V  [jvm.dll+0x694745]
V  [jvm.dll+0x68c70b]
V  [jvm.dll+0x68bd47]
V  [jvm.dll+0x689c32]
V  [jvm.dll+0x1a896c]
V  [jvm.dll+0x219118]
V  [jvm.dll+0x1a56b6]
V  [jvm.dll+0x2291ea]
V  [jvm.dll+0x22724c]
V  [jvm.dll+0x7efd0c]
V  [jvm.dll+0x7ea13a]
V  [jvm.dll+0x67ad85]
C  [ucrtbase.dll+0x29333]
C  [KERNEL32.DLL+0x1259d]
C  [ntdll.dll+0x5af38]


---------------  P R O C E S S  ---------------

Threads class SMR info:
_java_thread_list=0x000001e7c580f0c0, length=13, elements={
0x000001e7abb155e0, 0x000001e7c54fdf90, 0x000001e7c54fef60, 0x000001e7c5512780,
0x000001e7c5515250, 0x000001e7c5517c20, 0x000001e7c55195f0, 0x000001e7c551c7b0,
0x000001e7c5525270, 0x000001e7c5525c70, 0x000001e7c575df50, 0x000001e7c5762850,
0x000001e80b985430
}

Java Threads: ( => current thread )
  0x000001e7abb155e0 JavaThread "main" [_thread_in_native, id=10748, stack(0x0000006ebcc00000,0x0000006ebcd00000)]
  0x000001e7c54fdf90 JavaThread "Reference Handler" daemon [_thread_blocked, id=26864, stack(0x0000006ebd300000,0x0000006ebd400000)]
  0x000001e7c54fef60 JavaThread "Finalizer" daemon [_thread_blocked, id=25828, stack(0x0000006ebd400000,0x0000006ebd500000)]
  0x000001e7c5512780 JavaThread "Signal Dispatcher" daemon [_thread_blocked, id=8936, stack(0x0000006ebd500000,0x0000006ebd600000)]
  0x000001e7c5515250 JavaThread "Attach Listener" daemon [_thread_blocked, id=25996, stack(0x0000006ebd600000,0x0000006ebd700000)]
  0x000001e7c5517c20 JavaThread "Service Thread" daemon [_thread_blocked, id=29240, stack(0x0000006ebd700000,0x0000006ebd800000)]
  0x000001e7c55195f0 JavaThread "Monitor Deflation Thread" daemon [_thread_blocked, id=7504, stack(0x0000006ebd800000,0x0000006ebd900000)]
=>0x000001e7c551c7b0 JavaThread "C2 CompilerThread0" daemon [_thread_in_native, id=12896, stack(0x0000006ebd900000,0x0000006ebda00000)]
  0x000001e7c5525270 JavaThread "C1 CompilerThread0" daemon [_thread_in_native, id=28756, stack(0x0000006ebda00000,0x0000006ebdb00000)]
  0x000001e7c5525c70 JavaThread "Sweeper thread" daemon [_thread_blocked, id=24976, stack(0x0000006ebdb00000,0x0000006ebdc00000)]
  0x000001e7c575df50 JavaThread "Notification Thread" daemon [_thread_blocked, id=29460, stack(0x0000006ebdc00000,0x0000006ebdd00000)]
  0x000001e7c5762850 JavaThread "Common-Cleaner" daemon [_thread_blocked, id=13228, stack(0x0000006ebde00000,0x0000006ebdf00000)]
  0x000001e80b985430 JavaThread "pool-1-thread-1" [_thread_blocked, id=23488, stack(0x0000006ebe200000,0x0000006ebe300000)]

Other Threads:
  0x000001e7abbb7080 VMThread "VM Thread" [stack: 0x0000006ebd200000,0x0000006ebd300000] [id=28576]
  0x000001e7c55040b0 WatcherThread [stack: 0x0000006ebdd00000,0x0000006ebde00000] [id=28080]
  0x000001e7abb343b0 GCTaskThread "GC Thread#0" [stack: 0x0000006ebcd00000,0x0000006ebce00000] [id=24352]
  0x000001e80b307ba0 GCTaskThread "GC Thread#1" [stack: 0x0000006ebdf00000,0x0000006ebe000000] [id=22900]
  0x000001e80b1c6600 GCTaskThread "GC Thread#2" [stack: 0x0000006ebe000000,0x0000006ebe100000] [id=22664]
  0x000001e80b1b2ea0 GCTaskThread "GC Thread#3" [stack: 0x0000006ebe100000,0x0000006ebe200000] [id=27100]
  0x000001e80b827130 GCTaskThread "GC Thread#4" [stack: 0x0000006ebe300000,0x0000006ebe400000] [id=19856]
  0x000001e80b9badb0 GCTaskThread "GC Thread#5" [stack: 0x0000006ebe400000,0x0000006ebe500000] [id=23660]
  0x000001e80b9bb070 GCTaskThread "GC Thread#6" [stack: 0x0000006ebe500000,0x0000006ebe600000] [id=28992]
  0x000001e7abb35b00 ConcurrentGCThread "G1 Main Marker" [stack: 0x0000006ebce00000,0x0000006ebcf00000] [id=24524]
  0x000001e7abb36510 ConcurrentGCThread "G1 Conc#0" [stack: 0x0000006ebcf00000,0x0000006ebd000000] [id=28260]
  0x000001e7abb98d60 ConcurrentGCThread "G1 Refine#0" [stack: 0x0000006ebd000000,0x0000006ebd100000] [id=26948]
  0x000001e7abb99790 ConcurrentGCThread "G1 Service" [stack: 0x0000006ebd100000,0x0000006ebd200000] [id=11144]

Threads with active compile tasks:
C2 CompilerThread0    74234 2008       4       org.gradle.internal.logging.text.AbstractLineChoppingStyledTextOutput$1::execute (9 bytes)
C1 CompilerThread0    74234 2016       3       sun.nio.cs.SingleByte$Encoder::encodeArrayLoop (280 bytes)

VM state: not at safepoint (normal execution)

VM Mutex/Monitor currently owned by a thread: None

Heap address: 0x00000000fc000000, size: 64 MB, Compressed Oops mode: 32-bit

CDS archive(s) mapped at: [0x000001e7c6000000-0x000001e7c6bd0000-0x000001e7c6bd0000), size 12386304, SharedBaseAddress: 0x000001e7c6000000, ArchiveRelocationMode: 1.
Compressed class space mapped at: 0x000001e7c7000000-0x000001e807000000, reserved size: 1073741824
Narrow klass base: 0x000001e7c6000000, Narrow klass shift: 0, Narrow klass range: 0x100000000

GC Precious Log:
 CPUs: 8 total, 8 available
 Memory: 7937M
 Large Page Support: Disabled
 NUMA Support: Disabled
 Compressed Oops: Enabled (32-bit)
 Heap Region Size: 1M
 Heap Min Capacity: 64M
 Heap Initial Capacity: 64M
 Heap Max Capacity: 64M
 Pre-touch: Disabled
 Parallel Workers: 8
 Concurrent Workers: 2
 Concurrent Refinement Workers: 8
 Periodic GC: Disabled

Heap:
 garbage-first heap   total 65536K, used 25769K [0x00000000fc000000, 0x0000000100000000)
  region size 1024K, 19 young (19456K), 4 survivors (4096K)
 Metaspace       used 10784K, committed 10944K, reserved 1114112K
  class space    used 1395K, committed 1472K, reserved 1048576K

Heap Regions: E=young(eden), S=young(survivor), O=old, HS=humongous(starts), HC=humongous(continues), CS=collection set, F=free, OA=open archive, CA=closed archive, TAMS=top-at-mark-start (previous, next)
|   0|0x00000000fc000000, 0x00000000fc100000, 0x00000000fc100000|100%| O|  |TAMS 0x00000000fc000000, 0x00000000fc000000| Untracked 
|   1|0x00000000fc100000, 0x00000000fc200000, 0x00000000fc200000|100%| O|  |TAMS 0x00000000fc100000, 0x00000000fc100000| Untracked 
|   2|0x00000000fc200000, 0x00000000fc300000, 0x00000000fc300000|100%|HS|  |TAMS 0x00000000fc200000, 0x00000000fc200000| Complete 
|   3|0x00000000fc300000, 0x00000000fc400000, 0x00000000fc400000|100%|HC|  |TAMS 0x00000000fc300000, 0x00000000fc300000| Complete 
|   4|0x00000000fc400000, 0x00000000fc500000, 0x00000000fc500000|100%|HC|  |TAMS 0x00000000fc400000, 0x00000000fc400000| Complete 
|   5|0x00000000fc500000, 0x00000000fc600000, 0x00000000fc600000|100%|HC|  |TAMS 0x00000000fc500000, 0x00000000fc500000| Complete 
|   6|0x00000000fc600000, 0x00000000fc700000, 0x00000000fc700000|100%| O|  |TAMS 0x00000000fc600000, 0x00000000fc600000| Untracked 
|   7|0x00000000fc700000, 0x00000000fc800000, 0x00000000fc800000|100%| O|  |TAMS 0x00000000fc700000, 0x00000000fc700000| Untracked 
|   8|0x00000000fc800000, 0x00000000fc84e000, 0x00000000fc900000| 30%| O|  |TAMS 0x00000000fc800000, 0x00000000fc800000| Untracked 
|   9|0x00000000fc900000, 0x00000000fc900000, 0x00000000fca00000|  0%| F|  |TAMS 0x00000000fc900000, 0x00000000fc900000| Untracked 
|  10|0x00000000fca00000, 0x00000000fca00000, 0x00000000fcb00000|  0%| F|  |TAMS 0x00000000fca00000, 0x00000000fca00000| Untracked 
|  11|0x00000000fcb00000, 0x00000000fcb00000, 0x00000000fcc00000|  0%| F|  |TAMS 0x00000000fcb00000, 0x00000000fcb00000| Untracked 
|  12|0x00000000fcc00000, 0x00000000fcc00000, 0x00000000fcd00000|  0%| F|  |TAMS 0x00000000fcc00000, 0x00000000fcc00000| Untracked 
|  13|0x00000000fcd00000, 0x00000000fcd00000, 0x00000000fce00000|  0%| F|  |TAMS 0x00000000fcd00000, 0x00000000fcd00000| Untracked 
|  14|0x00000000fce00000, 0x00000000fce00000, 0x00000000fcf00000|  0%| F|  |TAMS 0x00000000fce00000, 0x00000000fce00000| Untracked 
|  15|0x00000000fcf00000, 0x00000000fcf00000, 0x00000000fd000000|  0%| F|  |TAMS 0x00000000fcf00000, 0x00000000fcf00000| Untracked 
|  16|0x00000000fd000000, 0x00000000fd000000, 0x00000000fd100000|  0%| F|  |TAMS 0x00000000fd000000, 0x00000000fd000000| Untracked 
|  17|0x00000000fd100000, 0x00000000fd100000, 0x00000000fd200000|  0%| F|  |TAMS 0x00000000fd100000, 0x00000000fd100000| Untracked 
|  18|0x00000000fd200000, 0x00000000fd200000, 0x00000000fd300000|  0%| F|  |TAMS 0x00000000fd200000, 0x00000000fd200000| Untracked 
|  19|0x00000000fd300000, 0x00000000fd300000, 0x00000000fd400000|  0%| F|  |TAMS 0x00000000fd300000, 0x00000000fd300000| Untracked 
|  20|0x00000000fd400000, 0x00000000fd400000, 0x00000000fd500000|  0%| F|  |TAMS 0x00000000fd400000, 0x00000000fd400000| Untracked 
|  21|0x00000000fd500000, 0x00000000fd500000, 0x00000000fd600000|  0%| F|  |TAMS 0x00000000fd500000, 0x00000000fd500000| Untracked 
|  22|0x00000000fd600000, 0x00000000fd600000, 0x00000000fd700000|  0%| F|  |TAMS 0x00000000fd600000, 0x00000000fd600000| Untracked 
|  23|0x00000000fd700000, 0x00000000fd700000, 0x00000000fd800000|  0%| F|  |TAMS 0x00000000fd700000, 0x00000000fd700000| Untracked 
|  24|0x00000000fd800000, 0x00000000fd800000, 0x00000000fd900000|  0%| F|  |TAMS 0x00000000fd800000, 0x00000000fd800000| Untracked 
|  25|0x00000000fd900000, 0x00000000fd900000, 0x00000000fda00000|  0%| F|  |TAMS 0x00000000fd900000, 0x00000000fd900000| Untracked 
|  26|0x00000000fda00000, 0x00000000fda00000, 0x00000000fdb00000|  0%| F|  |TAMS 0x00000000fda00000, 0x00000000fda00000| Untracked 
|  27|0x00000000fdb00000, 0x00000000fdb00000, 0x00000000fdc00000|  0%| F|  |TAMS 0x00000000fdb00000, 0x00000000fdb00000| Untracked 
|  28|0x00000000fdc00000, 0x00000000fdc00000, 0x00000000fdd00000|  0%| F|  |TAMS 0x00000000fdc00000, 0x00000000fdc00000| Untracked 
|  29|0x00000000fdd00000, 0x00000000fdd00000, 0x00000000fde00000|  0%| F|  |TAMS 0x00000000fdd00000, 0x00000000fdd00000| Untracked 
|  30|0x00000000fde00000, 0x00000000fdedc760, 0x00000000fdf00000| 86%| S|CS|TAMS 0x00000000fde00000, 0x00000000fde00000| Complete 
|  31|0x00000000fdf00000, 0x00000000fe000000, 0x00000000fe000000|100%| S|CS|TAMS 0x00000000fdf00000, 0x00000000fdf00000| Complete 
|  32|0x00000000fe000000, 0x00000000fe100000, 0x00000000fe100000|100%| S|CS|TAMS 0x00000000fe000000, 0x00000000fe000000| Complete 
|  33|0x00000000fe100000, 0x00000000fe200000, 0x00000000fe200000|100%| S|CS|TAMS 0x00000000fe100000, 0x00000000fe100000| Complete 
|  34|0x00000000fe200000, 0x00000000fe200000, 0x00000000fe300000|  0%| F|  |TAMS 0x00000000fe200000, 0x00000000fe200000| Untracked 
|  35|0x00000000fe300000, 0x00000000fe300000, 0x00000000fe400000|  0%| F|  |TAMS 0x00000000fe300000, 0x00000000fe300000| Untracked 
|  36|0x00000000fe400000, 0x00000000fe400000, 0x00000000fe500000|  0%| F|  |TAMS 0x00000000fe400000, 0x00000000fe400000| Untracked 
|  37|0x00000000fe500000, 0x00000000fe500000, 0x00000000fe600000|  0%| F|  |TAMS 0x00000000fe500000, 0x00000000fe500000| Untracked 
|  38|0x00000000fe600000, 0x00000000fe600000, 0x00000000fe700000|  0%| F|  |TAMS 0x00000000fe600000, 0x00000000fe600000| Untracked 
|  39|0x00000000fe700000, 0x00000000fe700000, 0x00000000fe800000|  0%| F|  |TAMS 0x00000000fe700000, 0x00000000fe700000| Untracked 
|  40|0x00000000fe800000, 0x00000000fe800000, 0x00000000fe900000|  0%| F|  |TAMS 0x00000000fe800000, 0x00000000fe800000| Untracked 
|  41|0x00000000fe900000, 0x00000000fe900000, 0x00000000fea00000|  0%| F|  |TAMS 0x00000000fe900000, 0x00000000fe900000| Untracked 
|  42|0x00000000fea00000, 0x00000000fea00000, 0x00000000feb00000|  0%| F|  |TAMS 0x00000000fea00000, 0x00000000fea00000| Untracked 
|  43|0x00000000feb00000, 0x00000000feb00000, 0x00000000fec00000|  0%| F|  |TAMS 0x00000000feb00000, 0x00000000feb00000| Untracked 
|  44|0x00000000fec00000, 0x00000000fec00000, 0x00000000fed00000|  0%| F|  |TAMS 0x00000000fec00000, 0x00000000fec00000| Untracked 
|  45|0x00000000fed00000, 0x00000000fed00000, 0x00000000fee00000|  0%| F|  |TAMS 0x00000000fed00000, 0x00000000fed00000| Untracked 
|  46|0x00000000fee00000, 0x00000000fee00000, 0x00000000fef00000|  0%| F|  |TAMS 0x00000000fee00000, 0x00000000fee00000| Untracked 
|  47|0x00000000fef00000, 0x00000000fef00000, 0x00000000ff000000|  0%| F|  |TAMS 0x00000000fef00000, 0x00000000fef00000| Untracked 
|  48|0x00000000ff000000, 0x00000000ff000000, 0x00000000ff100000|  0%| F|  |TAMS 0x00000000ff000000, 0x00000000ff000000| Untracked 
|  49|0x00000000ff100000, 0x00000000ff141e00, 0x00000000ff200000| 25%| E|  |TAMS 0x00000000ff100000, 0x00000000ff100000| Complete 
|  50|0x00000000ff200000, 0x00000000ff300000, 0x00000000ff300000|100%| E|CS|TAMS 0x00000000ff200000, 0x00000000ff200000| Complete 
|  51|0x00000000ff300000, 0x00000000ff400000, 0x00000000ff400000|100%| E|CS|TAMS 0x00000000ff300000, 0x00000000ff300000| Complete 
|  52|0x00000000ff400000, 0x00000000ff500000, 0x00000000ff500000|100%| E|CS|TAMS 0x00000000ff400000, 0x00000000ff400000| Complete 
|  53|0x00000000ff500000, 0x00000000ff600000, 0x00000000ff600000|100%| E|CS|TAMS 0x00000000ff500000, 0x00000000ff500000| Complete 
|  54|0x00000000ff600000, 0x00000000ff700000, 0x00000000ff700000|100%| E|CS|TAMS 0x00000000ff600000, 0x00000000ff600000| Complete 
|  55|0x00000000ff700000, 0x00000000ff800000, 0x00000000ff800000|100%| E|CS|TAMS 0x00000000ff700000, 0x00000000ff700000| Complete 
|  56|0x00000000ff800000, 0x00000000ff900000, 0x00000000ff900000|100%| E|CS|TAMS 0x00000000ff800000, 0x00000000ff800000| Complete 
|  57|0x00000000ff900000, 0x00000000ffa00000, 0x00000000ffa00000|100%| E|CS|TAMS 0x00000000ff900000, 0x00000000ff900000| Complete 
|  58|0x00000000ffa00000, 0x00000000ffb00000, 0x00000000ffb00000|100%| E|CS|TAMS 0x00000000ffa00000, 0x00000000ffa00000| Complete 
|  59|0x00000000ffb00000, 0x00000000ffc00000, 0x00000000ffc00000|100%| E|CS|TAMS 0x00000000ffb00000, 0x00000000ffb00000| Complete 
|  60|0x00000000ffc00000, 0x00000000ffd00000, 0x00000000ffd00000|100%| E|  |TAMS 0x00000000ffc00000, 0x00000000ffc00000| Complete 
|  61|0x00000000ffd00000, 0x00000000ffe00000, 0x00000000ffe00000|100%| E|CS|TAMS 0x00000000ffd00000, 0x00000000ffd00000| Complete 
|  62|0x00000000ffe00000, 0x00000000fff00000, 0x00000000fff00000|100%| E|CS|TAMS 0x00000000ffe00000, 0x00000000ffe00000| Complete 
|  63|0x00000000fff00000, 0x0000000100000000, 0x0000000100000000|100%| E|CS|TAMS 0x00000000fff00000, 0x00000000fff00000| Complete 

Card table byte_map: [0x000001e7a9a70000,0x000001e7a9a90000] _byte_map_base: 0x000001e7a9290000

Marking Bits (Prev, Next): (CMBitMap*) 0x000001e7abb349d0, (CMBitMap*) 0x000001e7abb34a10
 Prev Bits: [0x000001e7c2940000, 0x000001e7c2a40000)
 Next Bits: [0x000001e7c2a40000, 0x000001e7c2b40000)

Polling page: 0x000001e7a9a20000

Metaspace:

Usage:
  Non-class:      9.17 MB used.
      Class:      1.36 MB used.
       Both:     10.53 MB used.

Virtual space:
  Non-class space:       64.00 MB reserved,       9.25 MB ( 14%) committed,  1 nodes.
      Class space:        1.00 GB reserved,       1.44 MB ( <1%) committed,  1 nodes.
             Both:        1.06 GB reserved,      10.69 MB ( <1%) committed. 

Chunk freelists:
   Non-Class:  6.45 MB
       Class:  14.53 MB
        Both:  20.98 MB

MaxMetaspaceSize: unlimited
CompressedClassSpaceSize: 1.00 GB
Initial GC threshold: 21.00 MB
Current GC threshold: 21.00 MB
CDS: on
MetaspaceReclaimPolicy: balanced
 - commit_granule_bytes: 65536.
 - commit_granule_words: 8192.
 - virtual_space_node_default_size: 8388608.
 - enlarge_chunks_in_place: 1.
 - new_chunks_are_fully_committed: 0.
 - uncommit_free_chunks: 1.
 - use_allocation_guard: 0.
 - handle_deallocations: 1.


Internal statistics:

num_allocs_failed_limit: 0.
num_arena_births: 86.
num_arena_deaths: 0.
num_vsnodes_births: 2.
num_vsnodes_deaths: 0.
num_space_committed: 171.
num_space_uncommitted: 0.
num_chunks_returned_to_freelist: 0.
num_chunks_taken_from_freelist: 380.
num_chunk_merges: 0.
num_chunk_splits: 254.
num_chunks_enlarged: 212.
num_inconsistent_stats: 0.

CodeHeap 'non-profiled nmethods': size=120000Kb used=767Kb max_used=767Kb free=119232Kb
 bounds [0x000001e7bb0d0000, 0x000001e7bb340000, 0x000001e7c2600000]
CodeHeap 'profiled nmethods': size=120000Kb used=3947Kb max_used=3947Kb free=116052Kb
 bounds [0x000001e7b3600000, 0x000001e7b39e0000, 0x000001e7bab30000]
CodeHeap 'non-nmethods': size=5760Kb used=1194Kb max_used=1210Kb free=4565Kb
 bounds [0x000001e7bab30000, 0x000001e7bada0000, 0x000001e7bb0d0000]
 total_blobs=2497 nmethods=2013 adapters=396
 compilation: enabled
              stopped_count=0, restarted_count=0
 full_count=0

Compilation events (20 events):
Event: 68.287 Thread 0x000001e7c5525270 2001       3       sun.nio.cs.SingleByte::withResult (25 bytes)
Event: 68.288 Thread 0x000001e7c5525270 nmethod 2001 0x000001e7b39d5790 code [0x000001e7b39d5960, 0x000001e7b39d5d98]
Event: 68.288 Thread 0x000001e7c5525270 2002   !   3       java.nio.charset.CharsetEncoder::encode (273 bytes)
Event: 68.289 Thread 0x000001e7c5525270 nmethod 2002 0x000001e7b39d5f10 code [0x000001e7b39d6240, 0x000001e7b39d77b8]
Event: 68.289 Thread 0x000001e7c5525270 2003       3       sun.nio.cs.SingleByte$Encoder::encodeLoop (28 bytes)
Event: 68.290 Thread 0x000001e7c5525270 nmethod 2003 0x000001e7b39d7e90 code [0x000001e7b39d8060, 0x000001e7b39d8478]
Event: 69.672 Thread 0x000001e7c551c7b0 2004       4       java.util.HashMap$HashIterator::hasNext (13 bytes)
Event: 69.673 Thread 0x000001e7c551c7b0 nmethod 2004 0x000001e7bb18ee90 code [0x000001e7bb18f000, 0x000001e7bb18f098]
Event: 74.180 Thread 0x000001e7c5525270 2005       1       org.gradle.internal.logging.text.AbstractLineChoppingStyledTextOutput::access$100 (5 bytes)
Event: 74.180 Thread 0x000001e7c551c7b0 2008       4       org.gradle.internal.logging.text.AbstractLineChoppingStyledTextOutput$1::execute (9 bytes)
Event: 74.180 Thread 0x000001e7c5525270 nmethod 2005 0x000001e7bb18f190 code [0x000001e7bb18f320, 0x000001e7bb18f3d8]
Event: 74.180 Thread 0x000001e7c5525270 2006       1       org.gradle.internal.logging.text.AbstractLineChoppingStyledTextOutput::access$200 (5 bytes)
Event: 74.180 Thread 0x000001e7c5525270 nmethod 2006 0x000001e7bb18f490 code [0x000001e7bb18f620, 0x000001e7bb18f6d8]
Event: 74.180 Thread 0x000001e7c5525270 2007       1       org.gradle.internal.logging.text.AbstractLineChoppingStyledTextOutput::access$300 (5 bytes)
Event: 74.180 Thread 0x000001e7c5525270 nmethod 2007 0x000001e7bb18f790 code [0x000001e7bb18f920, 0x000001e7bb18f9d8]
Event: 74.181 Thread 0x000001e7c5525270 2011       3       java.io.FileOutputStream::write (20 bytes)
Event: 74.181 Thread 0x000001e7c5525270 nmethod 2011 0x000001e7b39d8610 code [0x000001e7b39d87c0, 0x000001e7b39d8988]
Event: 74.181 Thread 0x000001e7c5525270 2012       3       java.io.FileDescriptor$1::getAppend (5 bytes)
Event: 74.181 Thread 0x000001e7c5525270 nmethod 2012 0x000001e7b39d8a90 code [0x000001e7b39d8c20, 0x000001e7b39d8d38]
Event: 74.181 Thread 0x000001e7c5525270 2013   !   3       java.io.PrintStream::write (69 bytes)

GC Heap History (4 events):
Event: 0.831 GC heap before
{Heap before GC invocations=0 (full 0):
 garbage-first heap   total 65536K, used 22528K [0x00000000fc000000, 0x0000000100000000)
  region size 1024K, 23 young (23552K), 0 survivors (0K)
 Metaspace       used 1856K, committed 1984K, reserved 1114112K
  class space    used 159K, committed 192K, reserved 1048576K
}
Event: 0.840 GC heap after
{Heap after GC invocations=1 (full 0):
 garbage-first heap   total 65536K, used 4444K [0x00000000fc000000, 0x0000000100000000)
  region size 1024K, 3 young (3072K), 3 survivors (3072K)
 Metaspace       used 1856K, committed 1984K, reserved 1114112K
  class space    used 159K, committed 192K, reserved 1048576K
}
Event: 1.561 GC heap before
{Heap before GC invocations=1 (full 0):
 garbage-first heap   total 65536K, used 36188K [0x00000000fc000000, 0x0000000100000000)
  region size 1024K, 30 young (30720K), 3 survivors (3072K)
 Metaspace       used 7767K, committed 8000K, reserved 1114112K
  class space    used 1061K, committed 1152K, reserved 1048576K
}
Event: 1.565 GC heap after
{Heap after GC invocations=2 (full 0):
 garbage-first heap   total 65536K, used 12457K [0x00000000fc000000, 0x0000000100000000)
  region size 1024K, 4 young (4096K), 4 survivors (4096K)
 Metaspace       used 7767K, committed 8000K, reserved 1114112K
  class space    used 1061K, committed 1152K, reserved 1048576K
}

Dll operation events (12 events):
Event: 0.015 Loaded shared library C:\Program Files\Microsoft\jdk-17.0.8.7-hotspot\bin\java.dll
Event: 0.041 Loaded shared library C:\Program Files\Microsoft\jdk-17.0.8.7-hotspot\bin\jsvml.dll
Event: 0.084 Loaded shared library C:\Program Files\Microsoft\jdk-17.0.8.7-hotspot\bin\net.dll
Event: 0.087 Loaded shared library C:\Program Files\Microsoft\jdk-17.0.8.7-hotspot\bin\nio.dll
Event: 0.090 Loaded shared library C:\Program Files\Microsoft\jdk-17.0.8.7-hotspot\bin\zip.dll
Event: 0.097 Loaded shared library C:\Program Files\Microsoft\jdk-17.0.8.7-hotspot\bin\verify.dll
Event: 0.702 Loaded shared library C:\Program Files\Microsoft\jdk-17.0.8.7-hotspot\bin\jimage.dll
Event: 1.219 Loaded shared library C:\Users\DIEM MY\.gradle\native\c067742578af261105cb4f569cf0c3c89f3d7b1fecec35dd04571415982c5e48\windows-amd64\native-platform.dll
Event: 1.245 Loaded shared library C:\Users\DIEM MY\.gradle\native\jansi\1.18\windows64\jansi.dll
Event: 1.412 Loaded shared library C:\Program Files\Microsoft\jdk-17.0.8.7-hotspot\bin\management.dll
Event: 1.416 Loaded shared library C:\Program Files\Microsoft\jdk-17.0.8.7-hotspot\bin\management_ext.dll
Event: 5.879 Loaded shared library C:\Program Files\Microsoft\jdk-17.0.8.7-hotspot\bin\sunmscapi.dll

Deoptimization events (20 events):
Event: 2.076 Thread 0x000001e80bb21460 Uncommon trap: trap_request=0xffffff45 fr.pc=0x000001e7bb15493c relative=0x000000000000041c
Event: 2.076 Thread 0x000001e80bb21460 Uncommon trap: reason=unstable_if action=reinterpret pc=0x000001e7bb15493c method=java.lang.AbstractStringBuilder.isLatin1()Z @ 10 c2
Event: 2.076 Thread 0x000001e80bb21460 DEOPT PACKING pc=0x000001e7bb15493c sp=0x0000006ebe6feb90
Event: 2.076 Thread 0x000001e80bb21460 DEOPT UNPACKING pc=0x000001e7bab8a1a3 sp=0x0000006ebe6feb10 mode 2
Event: 5.831 Thread 0x000001e80bb21460 Uncommon trap: trap_request=0xffffff45 fr.pc=0x000001e7bb0dd680 relative=0x0000000000000080
Event: 5.831 Thread 0x000001e80bb21460 Uncommon trap: reason=unstable_if action=reinterpret pc=0x000001e7bb0dd680 method=java.lang.String.codePointAt(I)I @ 4 c2
Event: 5.831 Thread 0x000001e80bb21460 DEOPT PACKING pc=0x000001e7bb0dd680 sp=0x0000006ebe6feb00
Event: 5.831 Thread 0x000001e80bb21460 DEOPT UNPACKING pc=0x000001e7bab8a1a3 sp=0x0000006ebe6fea98 mode 2
Event: 5.834 Thread 0x000001e80bb40c20 Uncommon trap: trap_request=0xffffffde fr.pc=0x000001e7bb147f08 relative=0x0000000000001068
Event: 5.834 Thread 0x000001e80bb40c20 Uncommon trap: reason=class_check action=maybe_recompile pc=0x000001e7bb147f08 method=java.util.concurrent.ConcurrentHashMap.putVal(Ljava/lang/Object;Ljava/lang/Object;Z)Ljava/lang/Object; @ 159 c2
Event: 5.834 Thread 0x000001e80bb40c20 DEOPT PACKING pc=0x000001e7bb147f08 sp=0x0000006ebe8fe4b0
Event: 5.834 Thread 0x000001e80bb40c20 DEOPT UNPACKING pc=0x000001e7bab8a1a3 sp=0x0000006ebe8fe430 mode 2
Event: 5.890 Thread 0x000001e7abb155e0 Uncommon trap: trap_request=0xffffff45 fr.pc=0x000001e7bb15706c relative=0x000000000000034c
Event: 5.890 Thread 0x000001e7abb155e0 Uncommon trap: reason=unstable_if action=reinterpret pc=0x000001e7bb15706c method=java.util.HashMap.putVal(ILjava/lang/Object;Ljava/lang/Object;ZZ)Ljava/lang/Object; @ 162 c2
Event: 5.890 Thread 0x000001e7abb155e0 DEOPT PACKING pc=0x000001e7bb15706c sp=0x0000006ebccfb180
Event: 5.890 Thread 0x000001e7abb155e0 DEOPT UNPACKING pc=0x000001e7bab8a1a3 sp=0x0000006ebccfb110 mode 2
Event: 74.092 Thread 0x000001e7abb155e0 Uncommon trap: trap_request=0xffffff45 fr.pc=0x000001e7bb18b664 relative=0x0000000000000544
Event: 74.093 Thread 0x000001e7abb155e0 Uncommon trap: reason=unstable_if action=reinterpret pc=0x000001e7bb18b664 method=com.esotericsoftware.kryo.io.Input.readUtf8(I)V @ 79 c2
Event: 74.093 Thread 0x000001e7abb155e0 DEOPT PACKING pc=0x000001e7bb18b664 sp=0x0000006ebccfced0
Event: 74.093 Thread 0x000001e7abb155e0 DEOPT UNPACKING pc=0x000001e7bab8a1a3 sp=0x0000006ebccfce68 mode 2

Classes unloaded (0 events):
No events

Classes redefined (0 events):
No events

Internal exceptions (20 events):
Event: 1.190 Thread 0x000001e7abb155e0 Exception <a 'java/lang/NoSuchMethodError'{0x00000000ff4fc918}: 'void java.lang.invoke.DelegatingMethodHandle$Holder.delegate(java.lang.Object, java.lang.Object, int, java.lang.Object)'> (0x00000000ff4fc918) 
thrown [s\src\hotspot\share\interpreter\linkResolver.cpp, line 759]
Event: 1.190 Thread 0x000001e7abb155e0 Exception <a 'java/lang/NoSuchMethodError'{0x00000000ff301118}: 'int java.lang.invoke.DirectMethodHandle$Holder.invokeSpecial(java.lang.Object, java.lang.Object, java.lang.Object)'> (0x00000000ff301118) 
thrown [s\src\hotspot\share\interpreter\linkResolver.cpp, line 759]
Event: 1.193 Thread 0x000001e7abb155e0 Exception <a 'java/lang/NoSuchMethodError'{0x00000000ff314228}: 'java.lang.Object java.lang.invoke.Invokers$Holder.invokeExact_MT(java.lang.Object, java.lang.Object, java.lang.Object, java.lang.Object)'> (0x00000000ff314228) 
thrown [s\src\hotspot\share\interpreter\linkResolver.cpp, line 759]
Event: 1.203 Thread 0x000001e7abb155e0 Exception <a 'java/lang/NoSuchMethodError'{0x00000000ff34e9a0}: 'java.lang.Object java.lang.invoke.DirectMethodHandle$Holder.invokeVirtual(java.lang.Object, java.lang.Object, java.lang.Object)'> (0x00000000ff34e9a0) 
thrown [s\src\hotspot\share\interpreter\linkResolver.cpp, line 759]
Event: 1.309 Thread 0x000001e7abb155e0 Exception <a 'java/lang/NoSuchMethodError'{0x00000000fefa3518}: 'java.lang.Object java.lang.invoke.DirectMethodHandle$Holder.newInvokeSpecial(java.lang.Object, java.lang.Object, java.lang.Object, java.lang.Object, java.lang.Object)'> (0x00000000fefa3518) 
thrown [s\src\hotspot\share\interpreter\linkResolver.cpp, line 759]
Event: 1.371 Thread 0x000001e7abb155e0 Exception <a 'java/lang/NoSuchMethodError'{0x00000000fec71b90}: 'void java.lang.invoke.DirectMethodHandle$Holder.invokeSpecial(java.lang.Object, java.lang.Object, java.lang.Object)'> (0x00000000fec71b90) 
thrown [s\src\hotspot\share\interpreter\linkResolver.cpp, line 759]
Event: 1.387 Thread 0x000001e7abb155e0 Implicit null exception at 0x000001e7bb12e58a to 0x000001e7bb12ead0
Event: 1.387 Thread 0x000001e7abb155e0 Implicit null exception at 0x000001e7bb12640f to 0x000001e7bb126960
Event: 1.387 Thread 0x000001e7abb155e0 Implicit null exception at 0x000001e7bb10128f to 0x000001e7bb101309
Event: 1.410 Thread 0x000001e7abb155e0 Exception <a 'java/lang/NoSuchMethodError'{0x00000000fea31108}: 'java.lang.Object java.lang.invoke.DirectMethodHandle$Holder.invokeStaticInit(java.lang.Object)'> (0x00000000fea31108) 
thrown [s\src\hotspot\share\interpreter\linkResolver.cpp, line 759]
Event: 1.441 Thread 0x000001e7abb155e0 Exception <a 'java/lang/NoSuchMethodError'{0x00000000fead46d0}: 'int java.lang.invoke.DirectMethodHandle$Holder.invokeVirtual(java.lang.Object, java.lang.Object, java.lang.Object)'> (0x00000000fead46d0) 
thrown [s\src\hotspot\share\interpreter\linkResolver.cpp, line 759]
Event: 1.498 Thread 0x000001e7abb155e0 Exception <a 'java/lang/NoSuchMethodError'{0x00000000fe42b928}: 'java.lang.Object java.lang.invoke.DirectMethodHandle$Holder.invokeSpecialIFC(java.lang.Object, java.lang.Object, java.lang.Object, java.lang.Object)'> (0x00000000fe42b928) 
thrown [s\src\hotspot\share\interpreter\linkResolver.cpp, line 759]
Event: 1.552 Thread 0x000001e7abb155e0 Exception <a 'java/lang/NoSuchMethodError'{0x00000000fe2f6748}: 'java.lang.Object java.lang.invoke.DirectMethodHandle$Holder.invokeStaticInit(java.lang.Object, int, int, int, int)'> (0x00000000fe2f6748) 
thrown [s\src\hotspot\share\interpreter\linkResolver.cpp, line 759]
Event: 1.644 Thread 0x000001e7abb155e0 Exception <a 'java/lang/NoSuchMethodError'{0x00000000fff34d78}: 'java.lang.Object java.lang.invoke.DirectMethodHandle$Holder.invokeStaticInit(java.lang.Object, java.lang.Object, int, int, int, int)'> (0x00000000fff34d78) 
thrown [s\src\hotspot\share\interpreter\linkResolver.cpp, line 759]
Event: 1.804 Thread 0x000001e7abb155e0 Exception <a 'java/lang/NoSuchMethodError'{0x00000000fff68450}: 'void java.lang.invoke.DirectMethodHandle$Holder.invokeStatic(java.lang.Object, java.lang.Object, java.lang.Object)'> (0x00000000fff68450) 
thrown [s\src\hotspot\share\interpreter\linkResolver.cpp, line 759]
Event: 2.026 Thread 0x000001e80bb21460 Exception <a 'java/lang/NoSuchMethodError'{0x00000000ff7110e8}: 'void java.lang.invoke.DirectMethodHandle$Holder.invokeStatic(java.lang.Object, long)'> (0x00000000ff7110e8) 
thrown [s\src\hotspot\share\interpreter\linkResolver.cpp, line 759]
Event: 2.027 Thread 0x000001e80bb21460 Exception <a 'java/lang/NoSuchMethodError'{0x00000000ff716a40}: 'java.lang.Object java.lang.invoke.DirectMethodHandle$Holder.newInvokeSpecial(java.lang.Object, long)'> (0x00000000ff716a40) 
thrown [s\src\hotspot\share\interpreter\linkResolver.cpp, line 759]
Event: 2.029 Thread 0x000001e80bb21460 Exception <a 'java/lang/NoSuchMethodError'{0x00000000ff7215e8}: 'java.lang.Object java.lang.invoke.DirectMethodHandle$Holder.invokeStaticInit(java.lang.Object, java.lang.Object, long, java.lang.Object)'> (0x00000000ff7215e8) 
thrown [s\src\hotspot\share\interpreter\linkResolver.cpp, line 759]
Event: 2.029 Thread 0x000001e80bb21460 Exception <a 'java/lang/NoSuchMethodError'{0x00000000ff727c70}: 'java.lang.Object java.lang.invoke.DirectMethodHandle$Holder.newInvokeSpecial(java.lang.Object, java.lang.Object, long)'> (0x00000000ff727c70) 
thrown [s\src\hotspot\share\interpreter\linkResolver.cpp, line 759]
Event: 2.030 Thread 0x000001e80bb21460 Exception <a 'java/lang/NoSuchMethodError'{0x00000000ff72bf60}: 'java.lang.Object java.lang.invoke.Invokers$Holder.linkToTargetMethod(java.lang.Object, long, java.lang.Object)'> (0x00000000ff72bf60) 
thrown [s\src\hotspot\share\interpreter\linkResolver.cpp, line 759]

VM Operations (20 events):
Event: 52.403 Executing VM operation: Cleanup
Event: 52.403 Executing VM operation: Cleanup done
Event: 53.415 Executing VM operation: Cleanup
Event: 53.415 Executing VM operation: Cleanup done
Event: 58.452 Executing VM operation: Cleanup
Event: 58.452 Executing VM operation: Cleanup done
Event: 59.459 Executing VM operation: Cleanup
Event: 59.459 Executing VM operation: Cleanup done
Event: 60.221 Executing VM operation: HandshakeAllThreads
Event: 60.221 Executing VM operation: HandshakeAllThreads done
Event: 61.227 Executing VM operation: Cleanup
Event: 61.227 Executing VM operation: Cleanup done
Event: 62.242 Executing VM operation: Cleanup
Event: 62.242 Executing VM operation: Cleanup done
Event: 65.248 Executing VM operation: Cleanup
Event: 65.248 Executing VM operation: Cleanup done
Event: 69.294 Executing VM operation: Cleanup
Event: 69.294 Executing VM operation: Cleanup done
Event: 70.307 Executing VM operation: Cleanup
Event: 70.307 Executing VM operation: Cleanup done

Events (20 events):
Event: 52.760 loading class jdk/internal/logger/LazyLoggers$1
Event: 52.760 loading class jdk/internal/logger/LazyLoggers$1 done
Event: 52.760 loading class jdk/internal/logger/LazyLoggers$LazyLoggerFactories
Event: 52.761 loading class jdk/internal/logger/LazyLoggers$LazyLoggerFactories done
Event: 52.779 loading class jdk/internal/logger/LoggerFinderLoader
Event: 52.781 loading class jdk/internal/logger/LoggerFinderLoader done
Event: 52.919 loading class sun/util/logging/internal/LoggingProviderImpl$JULWrapper
Event: 52.920 loading class sun/util/logging/PlatformLogger$ConfigurableBridge$LoggerConfiguration
Event: 52.921 loading class sun/util/logging/PlatformLogger$ConfigurableBridge$LoggerConfiguration done
Event: 52.921 loading class sun/util/logging/internal/LoggingProviderImpl$JULWrapper done
Event: 52.922 loading class java/io/ObjectInputFilter
Event: 52.923 loading class java/io/ObjectInputFilter done
Event: 52.925 loading class java/io/ObjectInputFilter$Config$BuiltinFilterFactory
Event: 52.925 loading class java/io/ObjectInputFilter$Config$BuiltinFilterFactory done
Event: 52.925 loading class jdk/internal/access/JavaObjectInputFilterAccess
Event: 52.925 loading class jdk/internal/access/JavaObjectInputFilterAccess done
Event: 52.926 loading class java/lang/System$Logger$Level
Event: 52.927 loading class java/lang/System$Logger$Level done
Event: 52.928 loading class java/io/Bits
Event: 52.928 loading class java/io/Bits done


Dynamic libraries:
0x00007ff7eaf80000 - 0x00007ff7eaf8e000 	C:\Program Files\Microsoft\jdk-17.0.8.7-hotspot\bin\java.exe
0x00007ffac4df0000 - 0x00007ffac5007000 	C:\WINDOWS\SYSTEM32\ntdll.dll
0x00007ffac2db0000 - 0x00007ffac2e74000 	C:\WINDOWS\System32\KERNEL32.DLL
0x00007ffac26b0000 - 0x00007ffac2a81000 	C:\WINDOWS\System32\KERNELBASE.dll
0x00007ffac20a0000 - 0x00007ffac21b1000 	C:\WINDOWS\System32\ucrtbase.dll
0x00007ffab8870000 - 0x00007ffab888b000 	C:\Program Files\Microsoft\jdk-17.0.8.7-hotspot\bin\VCRUNTIME140.dll
0x00007ffab7740000 - 0x00007ffab7757000 	C:\Program Files\Microsoft\jdk-17.0.8.7-hotspot\bin\jli.dll
0x00007ffac2ac0000 - 0x00007ffac2c71000 	C:\WINDOWS\System32\USER32.dll
0x00007ffac2a90000 - 0x00007ffac2ab6000 	C:\WINDOWS\System32\win32u.dll
0x00007ffaa4540000 - 0x00007ffaa47d2000 	C:\WINDOWS\WinSxS\amd64_microsoft.windows.common-controls_6595b64144ccf1df_6.0.22621.4830_none_270fe7d773858e80\COMCTL32.dll
0x00007ffac48f0000 - 0x00007ffac4919000 	C:\WINDOWS\System32\GDI32.dll
0x00007ffac4920000 - 0x00007ffac49c7000 	C:\WINDOWS\System32\msvcrt.dll
0x00007ffac2360000 - 0x00007ffac247b000 	C:\WINDOWS\System32\gdi32full.dll
0x00007ffac21c0000 - 0x00007ffac225a000 	C:\WINDOWS\System32\msvcp_win.dll
0x00007ffac3a40000 - 0x00007ffac3a71000 	C:\WINDOWS\System32\IMM32.DLL
0x00007ffabb190000 - 0x00007ffabb19c000 	C:\Program Files\Microsoft\jdk-17.0.8.7-hotspot\bin\vcruntime140_1.dll
0x00007ffa908d0000 - 0x00007ffa9095d000 	C:\Program Files\Microsoft\jdk-17.0.8.7-hotspot\bin\msvcp140.dll
0x00007ffa39c20000 - 0x00007ffa3a885000 	C:\Program Files\Microsoft\jdk-17.0.8.7-hotspot\bin\server\jvm.dll
0x00007ffac3e80000 - 0x00007ffac3f31000 	C:\WINDOWS\System32\ADVAPI32.dll
0x00007ffac4b30000 - 0x00007ffac4bd7000 	C:\WINDOWS\System32\sechost.dll
0x00007ffac2070000 - 0x00007ffac2098000 	C:\WINDOWS\System32\bcrypt.dll
0x00007ffac3490000 - 0x00007ffac35a4000 	C:\WINDOWS\System32\RPCRT4.dll
0x00007ffabaf70000 - 0x00007ffabafa4000 	C:\WINDOWS\SYSTEM32\WINMM.dll
0x00007ffac1810000 - 0x00007ffac185d000 	C:\WINDOWS\SYSTEM32\POWRPROF.dll
0x00007ffaa5810000 - 0x00007ffaa5819000 	C:\WINDOWS\SYSTEM32\WSOCK32.dll
0x00007ffab7940000 - 0x00007ffab794a000 	C:\WINDOWS\SYSTEM32\VERSION.dll
0x00007ffac2e80000 - 0x00007ffac2ef1000 	C:\WINDOWS\System32\WS2_32.dll
0x00007ffac17c0000 - 0x00007ffac17d3000 	C:\WINDOWS\SYSTEM32\UMPDC.dll
0x00007ffac0f80000 - 0x00007ffac0f98000 	C:\WINDOWS\SYSTEM32\kernel.appcore.dll
0x00007ffabb100000 - 0x00007ffabb10a000 	C:\Program Files\Microsoft\jdk-17.0.8.7-hotspot\bin\jimage.dll
0x00007ffabf950000 - 0x00007ffabfb82000 	C:\WINDOWS\SYSTEM32\DBGHELP.DLL
0x00007ffac3100000 - 0x00007ffac3490000 	C:\WINDOWS\System32\combase.dll
0x00007ffac3cb0000 - 0x00007ffac3d87000 	C:\WINDOWS\System32\OLEAUT32.dll
0x00007ffab7ea0000 - 0x00007ffab7ed2000 	C:\WINDOWS\SYSTEM32\dbgcore.DLL
0x00007ffac2260000 - 0x00007ffac22db000 	C:\WINDOWS\System32\bcryptPrimitives.dll
0x00007ffaa3bf0000 - 0x00007ffaa3c15000 	C:\Program Files\Microsoft\jdk-17.0.8.7-hotspot\bin\java.dll
0x00007ffa6b630000 - 0x00007ffa6b707000 	C:\Program Files\Microsoft\jdk-17.0.8.7-hotspot\bin\jsvml.dll
0x00007ffac3f90000 - 0x00007ffac4818000 	C:\WINDOWS\System32\SHELL32.dll
0x00007ffac1f30000 - 0x00007ffac206f000 	C:\WINDOWS\System32\wintypes.dll
0x00007ffabfe50000 - 0x00007ffac075d000 	C:\WINDOWS\SYSTEM32\windows.storage.dll
0x00007ffac2c80000 - 0x00007ffac2d8a000 	C:\WINDOWS\System32\SHCORE.dll
0x00007ffac3a90000 - 0x00007ffac3aee000 	C:\WINDOWS\System32\shlwapi.dll
0x00007ffac1e60000 - 0x00007ffac1e8b000 	C:\WINDOWS\SYSTEM32\profapi.dll
0x00007ffab7280000 - 0x00007ffab7299000 	C:\Program Files\Microsoft\jdk-17.0.8.7-hotspot\bin\net.dll
0x00007ffabc240000 - 0x00007ffabc36c000 	C:\WINDOWS\SYSTEM32\WINHTTP.dll
0x00007ffac13f0000 - 0x00007ffac145a000 	C:\WINDOWS\system32\mswsock.dll
0x00007ffab7170000 - 0x00007ffab7186000 	C:\Program Files\Microsoft\jdk-17.0.8.7-hotspot\bin\nio.dll
0x00007ffab1440000 - 0x00007ffab1458000 	C:\Program Files\Microsoft\jdk-17.0.8.7-hotspot\bin\zip.dll
0x00007ffaac190000 - 0x00007ffaac1a0000 	C:\Program Files\Microsoft\jdk-17.0.8.7-hotspot\bin\verify.dll
0x00007ffa835e0000 - 0x00007ffa83607000 	C:\Users\DIEM MY\.gradle\native\c067742578af261105cb4f569cf0c3c89f3d7b1fecec35dd04571415982c5e48\windows-amd64\native-platform.dll
0x00007ffaaaca0000 - 0x00007ffaaacaa000 	C:\Users\DIEM MY\.gradle\native\jansi\1.18\windows64\jansi.dll
0x00007ffab6bc0000 - 0x00007ffab6bc9000 	C:\Program Files\Microsoft\jdk-17.0.8.7-hotspot\bin\management.dll
0x00007ffaad2a0000 - 0x00007ffaad2ab000 	C:\Program Files\Microsoft\jdk-17.0.8.7-hotspot\bin\management_ext.dll
0x00007ffac48e0000 - 0x00007ffac48e8000 	C:\WINDOWS\System32\PSAPI.DLL
0x00007ffac1640000 - 0x00007ffac165b000 	C:\WINDOWS\SYSTEM32\CRYPTSP.dll
0x00007ffac0ee0000 - 0x00007ffac0f17000 	C:\WINDOWS\system32\rsaenh.dll
0x00007ffac14e0000 - 0x00007ffac1508000 	C:\WINDOWS\SYSTEM32\USERENV.dll
0x00007ffac1660000 - 0x00007ffac166c000 	C:\WINDOWS\SYSTEM32\CRYPTBASE.dll
0x00007ffac09d0000 - 0x00007ffac09fd000 	C:\WINDOWS\SYSTEM32\IPHLPAPI.DLL
0x00007ffac48d0000 - 0x00007ffac48d9000 	C:\WINDOWS\System32\NSI.dll
0x00007ffabb370000 - 0x00007ffabb389000 	C:\WINDOWS\SYSTEM32\dhcpcsvc6.DLL
0x00007ffabb1a0000 - 0x00007ffabb1bf000 	C:\WINDOWS\SYSTEM32\dhcpcsvc.DLL
0x00007ffac0a40000 - 0x00007ffac0b42000 	C:\WINDOWS\SYSTEM32\DNSAPI.dll
0x00007ffaac210000 - 0x00007ffaac21e000 	C:\Program Files\Microsoft\jdk-17.0.8.7-hotspot\bin\sunmscapi.dll
0x00007ffac2480000 - 0x00007ffac25e6000 	C:\WINDOWS\System32\CRYPT32.dll
0x00007ffac18d0000 - 0x00007ffac18fd000 	C:\WINDOWS\SYSTEM32\ncrypt.dll
0x00007ffac1890000 - 0x00007ffac18c7000 	C:\WINDOWS\SYSTEM32\NTASN1.dll
0x00007ffa952a0000 - 0x00007ffa952a8000 	C:\WINDOWS\system32\wshunix.dll

dbghelp: loaded successfully - version: 4.0.5 - missing functions: none
symbol engine: initialized successfully - sym options: 0x614 - pdb path: .;C:\Program Files\Microsoft\jdk-17.0.8.7-hotspot\bin;C:\WINDOWS\SYSTEM32;C:\WINDOWS\WinSxS\amd64_microsoft.windows.common-controls_6595b64144ccf1df_6.0.22621.4830_none_270fe7d773858e80;C:\Program Files\Microsoft\jdk-17.0.8.7-hotspot\bin\server;C:\Users\DIEM MY\.gradle\native\c067742578af261105cb4f569cf0c3c89f3d7b1fecec35dd04571415982c5e48\windows-amd64;C:\Users\DIEM MY\.gradle\native\jansi\1.18\windows64

VM Arguments:
jvm_args: -Xmx64m -Xms64m -Dorg.gradle.appname=gradlew 
java_command: org.gradle.wrapper.GradleWrapperMain app:installDebug -PreactNativeDevServerPort=8081
java_class_path (initial): F:\Nam_4\HMDrinks\hmdrinks_app\hmdrinsk_orderapp\android\\gradle\wrapper\gradle-wrapper.jar
Launcher Type: SUN_STANDARD

[Global flags]
     intx CICompilerCount                          = 4                                         {product} {ergonomic}
     uint ConcGCThreads                            = 2                                         {product} {ergonomic}
     uint G1ConcRefinementThreads                  = 8                                         {product} {ergonomic}
   size_t G1HeapRegionSize                         = 1048576                                   {product} {ergonomic}
    uintx GCDrainStackTargetSize                   = 64                                        {product} {ergonomic}
   size_t InitialHeapSize                          = 67108864                                  {product} {command line}
   size_t MarkStackSize                            = 4194304                                   {product} {ergonomic}
   size_t MaxHeapSize                              = 67108864                                  {product} {command line}
   size_t MaxNewSize                               = 39845888                                  {product} {ergonomic}
   size_t MinHeapDeltaBytes                        = 1048576                                   {product} {ergonomic}
   size_t MinHeapSize                              = 67108864                                  {product} {command line}
    uintx NonNMethodCodeHeapSize                   = 5839372                                {pd product} {ergonomic}
    uintx NonProfiledCodeHeapSize                  = 122909434                              {pd product} {ergonomic}
    uintx ProfiledCodeHeapSize                     = 122909434                              {pd product} {ergonomic}
    uintx ReservedCodeCacheSize                    = 251658240                              {pd product} {ergonomic}
     bool SegmentedCodeCache                       = true                                      {product} {ergonomic}
   size_t SoftMaxHeapSize                          = 67108864                               {manageable} {ergonomic}
     bool UseCompressedClassPointers               = true                           {product lp64_product} {ergonomic}
     bool UseCompressedOops                        = true                           {product lp64_product} {ergonomic}
     bool UseG1GC                                  = true                                      {product} {ergonomic}
     bool UseLargePagesIndividualAllocation        = false                                  {pd product} {ergonomic}

Logging:
Log output configuration:
 #0: stdout all=warning uptime,level,tags
 #1: stderr all=off uptime,level,tags

Environment Variables:
JAVA_HOME=C:\Program Files\Microsoft\jdk-17.0.8.7-hotspot\
CLASSPATH=F:\Nam_4\HMDrinks\hmdrinks_app\hmdrinsk_orderapp\android\\gradle\wrapper\gradle-wrapper.jar
PATH=F:\Nam_4\HMDrinks\hmdrinks_app\hmdrinsk_orderapp\node_modules\.bin;F:\Nam_4\HMDrinks\hmdrinks_app\hmdrinsk_orderapp\node_modules\.bin;F:\Nam_4\HMDrinks\hmdrinks_app\node_modules\.bin;F:\Nam_4\HMDrinks\node_modules\.bin;F:\Nam_4\node_modules\.bin;F:\node_modules\.bin;C:\Program Files\nodejs\node_modules\npm\node_modules\@npmcli\run-script\lib\node-gyp-bin;C:\Program Files\Microsoft\jdk-17.0.8.7-hotspot\bin;C:\Program Files\Microsoft MPI\Bin\;C:\Program Files\Common Files\Oracle\Java\javapath;C:\Program Files (x86)\Common Files\Oracle\Java\javapath;C:\windows\system32;C:\windows;C:\windows\System32\Wbem;C:\windows\System32\WindowsPowerShell\v1.0\;C:\windows\System32\OpenSSH\;C:\Program Files\Microsoft SQL Server\Client SDK\ODBC\170\Tools\Binn\;C:\Program Files\Git\cmd;C:\Program Files\Azure Data Studio\bin;C:\WINDOWS\system32;C:\WINDOWS;C:\WINDOWS\System32\Wbem;C:\WINDOWS\System32\WindowsPowerShell\v1.0\;C:\WINDOWS\System32\OpenSSH\;F:\HK1\LTWeb\bin;F:\HK1\LTWeb\JDK\bin;F:\HK1\LTWeb\JDK\bin;%MAVEN_HOME\bin;%JAVA_HOME\bin;C:\Program Files\Java\jdk-17\bin;F:\HK1\LTWeb\TOMCAT\apache-tomcat-9.0.65-windows-x64\apache-tomcat-9.0.65\bin;F:\HK1\LTWeb\MAVEN\apache-maven-3.8.6-bin\apache-maven-3.8.6\bin;C:\Program Files\MySQL\MySQL Server 8.0\bin;%JAVA_HOME\lib\security\cacerts;C:\Program Files\dotnet\;C:\ProgramData\chocolatey\bin;C:\Program Files\nodejs\;C:\WINDOWS\system32\config\systemprofile\AppData\Local\Android\Sdk;C:\WINDOWS\system32\config\systemprofile\AppData\Local\Android\Sdk\platform-tools;C:\Program Files\HP\HP One Agent;F:\MuyXue\Sonar\sonar-scanner-cli-5.0.1.3006-windows\sonar-scanner-5.0.1.3006-windows\bin;c:\Users\DIEM MY\AppData\Local\Programs\cursor\resources\app\bin;C:\Program Files\Microsoft SQL Server\150\Tools\Binn\;C:\Users\DIEM MY\AppData\Local\Android\Sdk\tools;C:\Users\DIEM MY\AppData\Local\Android\Sdk\tools;C:\Program Files\MySQL\MySQL Shell 8.0\bin\;C:\Users\DIEM MY\AppData\Local\Programs\Python\Python311\Scripts\;C:\Users\DIEM MY\AppData\Local\P
USERNAME=DIEM MY
LANG=en_US.UTF-8
OS=Windows_NT
PROCESSOR_IDENTIFIER=Intel64 Family 6 Model 140 Stepping 1, GenuineIntel
TMP=C:\Users\DIEMMY~1\AppData\Local\Temp
TEMP=C:\Users\DIEMMY~1\AppData\Local\Temp



---------------  S Y S T E M  ---------------

OS:
 Windows 11 , 64 bit Build 22621 (10.0.22621.4974)
OS uptime: 1 days 1:00 hours
Hyper-V role detected

CPU: total 8 (initial active 8) (4 cores per cpu, 2 threads per core) family 6 model 140 stepping 1 microcode 0xa4, cx8, cmov, fxsr, ht, mmx, 3dnowpref, sse, sse2, sse3, ssse3, sse4.1, sse4.2, popcnt, lzcnt, tsc, tscinvbit, avx, avx2, aes, erms, clmul, bmi1, bmi2, adx, avx512f, avx512dq, avx512cd, avx512bw, avx512vl, sha, fma, vzeroupper, avx512_vpopcntdq, avx512_vpclmulqdq, avx512_vaes, avx512_vnni, clflush, clflushopt, clwb, avx512_vbmi2, avx512_vbmi, hv
Processor Information for all 8 processors :
  Max Mhz: 2803, Current Mhz: 2803, Mhz Limit: 2803

Memory: 4k page, system-wide physical 7937M (216M free)
TotalPageFile size 32513M (AvailPageFile size 0M)
current process WorkingSet (physical memory assigned to process): 25M, peak: 103M
current process commit charge ("private bytes"): 167M, peak: 168M

vm_info: OpenJDK 64-Bit Server VM (17.0.8+7-LTS) for windows-amd64 JRE (17.0.8+7-LTS), built on Jul  7 2023 17:21:55 by "MicrosoftCorporation" with MS VC++ 16.10 / 16.11 (VS2019)

END.
