#
# There is insufficient memory for the Java Runtime Environment to continue.
# Native memory allocation (malloc) failed to allocate 32744 bytes for ChunkPool::allocate
# Possible reasons:
#   The system is out of physical RAM or swap space
#   The process is running with CompressedOops enabled, and the Java Heap may be blocking the growth of the native heap
# Possible solutions:
#   Reduce memory load on the system
#   Increase physical memory or swap space
#   Check if swap backing store is full
#   Decrease Java heap size (-Xmx/-Xms)
#   Decrease number of Java threads
#   Decrease Java thread stack sizes (-Xss)
#   Set larger code cache with -XX:ReservedCodeCacheSize=
#   JVM is running with Unscaled Compressed Oops mode in which the Java heap is
#     placed in the first 4GB address space. The Java Heap base address is the
#     maximum limit for the native heap growth. Please use -XX:HeapBaseMinAddress
#     to set the Java Heap base and to place the Java Heap above 4GB virtual address.
# This output file may be truncated or incomplete.
#
#  Out of Memory Error (arena.cpp:78), pid=1488, tid=17824
#
# JRE version: OpenJDK Runtime Environment Microsoft-8035246 (17.0.8+7) (build 17.0.8+7-LTS)
# Java VM: OpenJDK 64-Bit Server VM Microsoft-8035246 (17.0.8+7-LTS, mixed mode, sharing, tiered, compressed oops, compressed class ptrs, g1 gc, windows-amd64)
# No core dump will be written. Minidumps are not enabled by default on client versions of Windows
#

---------------  S U M M A R Y ------------

Command Line: -Xmx64m -Xms64m -Dorg.gradle.appname=gradlew org.gradle.wrapper.GradleWrapperMain app:installDebug -PreactNativeDevServerPort=8081

Host: 11th Gen Intel(R) Core(TM) i7-1165G7 @ 2.80GHz, 8 cores, 7G,  Windows 11 , 64 bit Build 22621 (10.0.22621.5124)
Time: Wed Apr 23 03:30:58 2025 SE Asia Standard Time elapsed time: 0.589089 seconds (0d 0h 0m 0s)

---------------  T H R E A D  ---------------

Current thread (0x0000017c8522c720):  JavaThread "C2 CompilerThread1" daemon [_thread_in_native, id=17824, stack(0x000000580e700000,0x000000580e800000)]


Current CompileTask:
C2:    589  807       4       java.util.jar.JarFile::getEntry (35 bytes)

Stack: [0x000000580e700000,0x000000580e800000]
Native frames: (J=compiled Java code, j=interpreted, Vv=VM code, C=native code)
V  [jvm.dll+0x67bf3a]
V  [jvm.dll+0x83a024]
V  [jvm.dll+0x83b7ce]
V  [jvm.dll+0x83be33]
V  [jvm.dll+0x24785f]
V  [jvm.dll+0xac5dc]
V  [jvm.dll+0xac98c]
V  [jvm.dll+0x6079d0]
V  [jvm.dll+0x607b69]
V  [jvm.dll+0x60d737]
V  [jvm.dll+0x60e5b2]
V  [jvm.dll+0x60cb14]
V  [jvm.dll+0x219fa8]
V  [jvm.dll+0x219551]
V  [jvm.dll+0x1a56b6]
V  [jvm.dll+0x2291ea]
V  [jvm.dll+0x22724c]
V  [jvm.dll+0x7efd0c]
V  [jvm.dll+0x7ea13a]
V  [jvm.dll+0x67ad85]
C  [ucrtbase.dll+0x29333]
C  [KERNEL32.DLL+0x1259d]
C  [ntdll.dll+0x5af38]


---------------  P R O C E S S  ---------------

Threads class SMR info:
_java_thread_list=0x0000017c851c8900, length=13, elements={
0x0000017c26373b90, 0x0000017c2641e1e0, 0x0000017c3fd2dee0, 0x0000017c3fd42bf0,
0x0000017c3fd456c0, 0x0000017c3fd48090, 0x0000017c3fd49060, 0x0000017c3fd4c170,
0x0000017c3fd4e0a0, 0x0000017c3fd62070, 0x0000017c850acff0, 0x0000017c850ad8e0,
0x0000017c8522c720
}

Java Threads: ( => current thread )
  0x0000017c26373b90 JavaThread "main" [_thread_in_native, id=17356, stack(0x000000580d400000,0x000000580d500000)]
  0x0000017c2641e1e0 JavaThread "Reference Handler" daemon [_thread_blocked, id=11136, stack(0x000000580db00000,0x000000580dc00000)]
  0x0000017c3fd2dee0 JavaThread "Finalizer" daemon [_thread_blocked, id=14796, stack(0x000000580dc00000,0x000000580dd00000)]
  0x0000017c3fd42bf0 JavaThread "Signal Dispatcher" daemon [_thread_blocked, id=7496, stack(0x000000580dd00000,0x000000580de00000)]
  0x0000017c3fd456c0 JavaThread "Attach Listener" daemon [_thread_blocked, id=14196, stack(0x000000580de00000,0x000000580df00000)]
  0x0000017c3fd48090 JavaThread "Service Thread" daemon [_thread_blocked, id=7316, stack(0x000000580df00000,0x000000580e000000)]
  0x0000017c3fd49060 JavaThread "Monitor Deflation Thread" daemon [_thread_blocked, id=14340, stack(0x000000580e000000,0x000000580e100000)]
  0x0000017c3fd4c170 JavaThread "C2 CompilerThread0" daemon [_thread_in_native, id=4228, stack(0x000000580e100000,0x000000580e200000)]
  0x0000017c3fd4e0a0 JavaThread "C1 CompilerThread0" daemon [_thread_in_native, id=19416, stack(0x000000580e200000,0x000000580e300000)]
  0x0000017c3fd62070 JavaThread "Sweeper thread" daemon [_thread_blocked, id=21312, stack(0x000000580e300000,0x000000580e400000)]
  0x0000017c850acff0 JavaThread "Notification Thread" daemon [_thread_blocked, id=8516, stack(0x000000580e400000,0x000000580e500000)]
  0x0000017c850ad8e0 JavaThread "Common-Cleaner" daemon [_thread_blocked, id=19748, stack(0x000000580e600000,0x000000580e700000)]
=>0x0000017c8522c720 JavaThread "C2 CompilerThread1" daemon [_thread_in_native, id=17824, stack(0x000000580e700000,0x000000580e800000)]

Other Threads:
  0x0000017c2641b740 VMThread "VM Thread" [stack: 0x000000580da00000,0x000000580db00000] [id=23144]
  0x0000017c263b7ee0 WatcherThread [stack: 0x000000580e500000,0x000000580e600000] [id=8292]
  0x0000017c26393a60 GCTaskThread "GC Thread#0" [stack: 0x000000580d500000,0x000000580d600000] [id=24208]
  0x0000017c85747200 GCTaskThread "GC Thread#1" [stack: 0x000000580e800000,0x000000580e900000] [id=19280]
  0x0000017c85587aa0 GCTaskThread "GC Thread#2" [stack: 0x000000580e900000,0x000000580ea00000] [id=10276]
  0x0000017c85501980 GCTaskThread "GC Thread#3" [stack: 0x000000580ea00000,0x000000580eb00000] [id=14020]
  0x0000017c263951b0 ConcurrentGCThread "G1 Main Marker" [stack: 0x000000580d600000,0x000000580d700000] [id=8332]
  0x0000017c26395bc0 ConcurrentGCThread "G1 Conc#0" [stack: 0x000000580d700000,0x000000580d800000] [id=4136]
  0x0000017c263fb7c0 ConcurrentGCThread "G1 Refine#0" [stack: 0x000000580d800000,0x000000580d900000] [id=2896]
  0x0000017c263fc1f0 ConcurrentGCThread "G1 Service" [stack: 0x000000580d900000,0x000000580da00000] [id=23472]

Threads with active compile tasks:
C2 CompilerThread0      615  791   !   4       jdk.internal.loader.URLClassPath$JarLoader::getResource (65 bytes)
C2 CompilerThread1      615  807       4       java.util.jar.JarFile::getEntry (35 bytes)

VM state: not at safepoint (normal execution)

VM Mutex/Monitor currently owned by a thread: None

Heap address: 0x00000000fc000000, size: 64 MB, Compressed Oops mode: 32-bit

CDS archive(s) mapped at: [0x0000017c40000000-0x0000017c40bd0000-0x0000017c40bd0000), size 12386304, SharedBaseAddress: 0x0000017c40000000, ArchiveRelocationMode: 1.
Compressed class space mapped at: 0x0000017c41000000-0x0000017c81000000, reserved size: 1073741824
Narrow klass base: 0x0000017c40000000, Narrow klass shift: 0, Narrow klass range: 0x100000000

GC Precious Log:
 CPUs: 8 total, 8 available
 Memory: 7937M
 Large Page Support: Disabled
 NUMA Support: Disabled
 Compressed Oops: Enabled (32-bit)
 Heap Region Size: 1M
 Heap Min Capacity: 64M
 Heap Initial Capacity: 64M
 Heap Max Capacity: 64M
 Pre-touch: Disabled
 Parallel Workers: 8
 Concurrent Workers: 2
 Concurrent Refinement Workers: 8
 Periodic GC: Disabled

Heap:
 garbage-first heap   total 65536K, used 16256K [0x00000000fc000000, 0x0000000100000000)
  region size 1024K, 15 young (15360K), 3 survivors (3072K)
 Metaspace       used 3396K, committed 3584K, reserved 1114112K
  class space    used 402K, committed 512K, reserved 1048576K

Heap Regions: E=young(eden), S=young(survivor), O=old, HS=humongous(starts), HC=humongous(continues), CS=collection set, F=free, OA=open archive, CA=closed archive, TAMS=top-at-mark-start (previous, next)
|   0|0x00000000fc000000, 0x00000000fc100000, 0x00000000fc100000|100%|HS|  |TAMS 0x00000000fc000000, 0x00000000fc000000| Complete 
|   1|0x00000000fc100000, 0x00000000fc200000, 0x00000000fc200000|100%|HC|  |TAMS 0x00000000fc100000, 0x00000000fc100000| Complete 
|   2|0x00000000fc200000, 0x00000000fc300000, 0x00000000fc300000|100%|HC|  |TAMS 0x00000000fc200000, 0x00000000fc200000| Complete 
|   3|0x00000000fc300000, 0x00000000fc300000, 0x00000000fc400000|  0%| F|  |TAMS 0x00000000fc300000, 0x00000000fc300000| Untracked 
|   4|0x00000000fc400000, 0x00000000fc400000, 0x00000000fc500000|  0%| F|  |TAMS 0x00000000fc400000, 0x00000000fc400000| Untracked 
|   5|0x00000000fc500000, 0x00000000fc500000, 0x00000000fc600000|  0%| F|  |TAMS 0x00000000fc500000, 0x00000000fc500000| Untracked 
|   6|0x00000000fc600000, 0x00000000fc600000, 0x00000000fc700000|  0%| F|  |TAMS 0x00000000fc600000, 0x00000000fc600000| Untracked 
|   7|0x00000000fc700000, 0x00000000fc700000, 0x00000000fc800000|  0%| F|  |TAMS 0x00000000fc700000, 0x00000000fc700000| Untracked 
|   8|0x00000000fc800000, 0x00000000fc800000, 0x00000000fc900000|  0%| F|  |TAMS 0x00000000fc800000, 0x00000000fc800000| Untracked 
|   9|0x00000000fc900000, 0x00000000fc900000, 0x00000000fca00000|  0%| F|  |TAMS 0x00000000fc900000, 0x00000000fc900000| Untracked 
|  10|0x00000000fca00000, 0x00000000fca00000, 0x00000000fcb00000|  0%| F|  |TAMS 0x00000000fca00000, 0x00000000fca00000| Untracked 
|  11|0x00000000fcb00000, 0x00000000fcb00000, 0x00000000fcc00000|  0%| F|  |TAMS 0x00000000fcb00000, 0x00000000fcb00000| Untracked 
|  12|0x00000000fcc00000, 0x00000000fcc00000, 0x00000000fcd00000|  0%| F|  |TAMS 0x00000000fcc00000, 0x00000000fcc00000| Untracked 
|  13|0x00000000fcd00000, 0x00000000fcd00000, 0x00000000fce00000|  0%| F|  |TAMS 0x00000000fcd00000, 0x00000000fcd00000| Untracked 
|  14|0x00000000fce00000, 0x00000000fce00000, 0x00000000fcf00000|  0%| F|  |TAMS 0x00000000fce00000, 0x00000000fce00000| Untracked 
|  15|0x00000000fcf00000, 0x00000000fcf00000, 0x00000000fd000000|  0%| F|  |TAMS 0x00000000fcf00000, 0x00000000fcf00000| Untracked 
|  16|0x00000000fd000000, 0x00000000fd000000, 0x00000000fd100000|  0%| F|  |TAMS 0x00000000fd000000, 0x00000000fd000000| Untracked 
|  17|0x00000000fd100000, 0x00000000fd100000, 0x00000000fd200000|  0%| F|  |TAMS 0x00000000fd100000, 0x00000000fd100000| Untracked 
|  18|0x00000000fd200000, 0x00000000fd200000, 0x00000000fd300000|  0%| F|  |TAMS 0x00000000fd200000, 0x00000000fd200000| Untracked 
|  19|0x00000000fd300000, 0x00000000fd300000, 0x00000000fd400000|  0%| F|  |TAMS 0x00000000fd300000, 0x00000000fd300000| Untracked 
|  20|0x00000000fd400000, 0x00000000fd400000, 0x00000000fd500000|  0%| F|  |TAMS 0x00000000fd400000, 0x00000000fd400000| Untracked 
|  21|0x00000000fd500000, 0x00000000fd500000, 0x00000000fd600000|  0%| F|  |TAMS 0x00000000fd500000, 0x00000000fd500000| Untracked 
|  22|0x00000000fd600000, 0x00000000fd600000, 0x00000000fd700000|  0%| F|  |TAMS 0x00000000fd600000, 0x00000000fd600000| Untracked 
|  23|0x00000000fd700000, 0x00000000fd700000, 0x00000000fd800000|  0%| F|  |TAMS 0x00000000fd700000, 0x00000000fd700000| Untracked 
|  24|0x00000000fd800000, 0x00000000fd800000, 0x00000000fd900000|  0%| F|  |TAMS 0x00000000fd800000, 0x00000000fd800000| Untracked 
|  25|0x00000000fd900000, 0x00000000fd900000, 0x00000000fda00000|  0%| F|  |TAMS 0x00000000fd900000, 0x00000000fd900000| Untracked 
|  26|0x00000000fda00000, 0x00000000fda00000, 0x00000000fdb00000|  0%| F|  |TAMS 0x00000000fda00000, 0x00000000fda00000| Untracked 
|  27|0x00000000fdb00000, 0x00000000fdb00000, 0x00000000fdc00000|  0%| F|  |TAMS 0x00000000fdb00000, 0x00000000fdb00000| Untracked 
|  28|0x00000000fdc00000, 0x00000000fdc00000, 0x00000000fdd00000|  0%| F|  |TAMS 0x00000000fdc00000, 0x00000000fdc00000| Untracked 
|  29|0x00000000fdd00000, 0x00000000fdd00000, 0x00000000fde00000|  0%| F|  |TAMS 0x00000000fdd00000, 0x00000000fdd00000| Untracked 
|  30|0x00000000fde00000, 0x00000000fde00000, 0x00000000fdf00000|  0%| F|  |TAMS 0x00000000fde00000, 0x00000000fde00000| Untracked 
|  31|0x00000000fdf00000, 0x00000000fdf00000, 0x00000000fe000000|  0%| F|  |TAMS 0x00000000fdf00000, 0x00000000fdf00000| Untracked 
|  32|0x00000000fe000000, 0x00000000fe000000, 0x00000000fe100000|  0%| F|  |TAMS 0x00000000fe000000, 0x00000000fe000000| Untracked 
|  33|0x00000000fe100000, 0x00000000fe100000, 0x00000000fe200000|  0%| F|  |TAMS 0x00000000fe100000, 0x00000000fe100000| Untracked 
|  34|0x00000000fe200000, 0x00000000fe200000, 0x00000000fe300000|  0%| F|  |TAMS 0x00000000fe200000, 0x00000000fe200000| Untracked 
|  35|0x00000000fe300000, 0x00000000fe300000, 0x00000000fe400000|  0%| F|  |TAMS 0x00000000fe300000, 0x00000000fe300000| Untracked 
|  36|0x00000000fe400000, 0x00000000fe400000, 0x00000000fe500000|  0%| F|  |TAMS 0x00000000fe400000, 0x00000000fe400000| Untracked 
|  37|0x00000000fe500000, 0x00000000fe500000, 0x00000000fe600000|  0%| F|  |TAMS 0x00000000fe500000, 0x00000000fe500000| Untracked 
|  38|0x00000000fe600000, 0x00000000fe6e0000, 0x00000000fe700000| 87%| S|CS|TAMS 0x00000000fe600000, 0x00000000fe600000| Complete 
|  39|0x00000000fe700000, 0x00000000fe800000, 0x00000000fe800000|100%| S|CS|TAMS 0x00000000fe700000, 0x00000000fe700000| Complete 
|  40|0x00000000fe800000, 0x00000000fe900000, 0x00000000fe900000|100%| S|CS|TAMS 0x00000000fe800000, 0x00000000fe800000| Complete 
|  41|0x00000000fe900000, 0x00000000fe900000, 0x00000000fea00000|  0%| F|  |TAMS 0x00000000fe900000, 0x00000000fe900000| Untracked 
|  42|0x00000000fea00000, 0x00000000fea00000, 0x00000000feb00000|  0%| F|  |TAMS 0x00000000fea00000, 0x00000000fea00000| Untracked 
|  43|0x00000000feb00000, 0x00000000feb00000, 0x00000000fec00000|  0%| F|  |TAMS 0x00000000feb00000, 0x00000000feb00000| Untracked 
|  44|0x00000000fec00000, 0x00000000fec00000, 0x00000000fed00000|  0%| F|  |TAMS 0x00000000fec00000, 0x00000000fec00000| Untracked 
|  45|0x00000000fed00000, 0x00000000fed00000, 0x00000000fee00000|  0%| F|  |TAMS 0x00000000fed00000, 0x00000000fed00000| Untracked 
|  46|0x00000000fee00000, 0x00000000fee00000, 0x00000000fef00000|  0%| F|  |TAMS 0x00000000fee00000, 0x00000000fee00000| Untracked 
|  47|0x00000000fef00000, 0x00000000fef00000, 0x00000000ff000000|  0%| F|  |TAMS 0x00000000fef00000, 0x00000000fef00000| Untracked 
|  48|0x00000000ff000000, 0x00000000ff000000, 0x00000000ff100000|  0%| F|  |TAMS 0x00000000ff000000, 0x00000000ff000000| Untracked 
|  49|0x00000000ff100000, 0x00000000ff100000, 0x00000000ff200000|  0%| F|  |TAMS 0x00000000ff100000, 0x00000000ff100000| Untracked 
|  50|0x00000000ff200000, 0x00000000ff200000, 0x00000000ff300000|  0%| F|  |TAMS 0x00000000ff200000, 0x00000000ff200000| Untracked 
|  51|0x00000000ff300000, 0x00000000ff300000, 0x00000000ff400000|  0%| F|  |TAMS 0x00000000ff300000, 0x00000000ff300000| Untracked 
|  52|0x00000000ff400000, 0x00000000ff500000, 0x00000000ff500000|100%| E|  |TAMS 0x00000000ff400000, 0x00000000ff400000| Complete 
|  53|0x00000000ff500000, 0x00000000ff600000, 0x00000000ff600000|100%| E|CS|TAMS 0x00000000ff500000, 0x00000000ff500000| Complete 
|  54|0x00000000ff600000, 0x00000000ff700000, 0x00000000ff700000|100%| E|CS|TAMS 0x00000000ff600000, 0x00000000ff600000| Complete 
|  55|0x00000000ff700000, 0x00000000ff800000, 0x00000000ff800000|100%| E|CS|TAMS 0x00000000ff700000, 0x00000000ff700000| Complete 
|  56|0x00000000ff800000, 0x00000000ff900000, 0x00000000ff900000|100%| E|CS|TAMS 0x00000000ff800000, 0x00000000ff800000| Complete 
|  57|0x00000000ff900000, 0x00000000ffa00000, 0x00000000ffa00000|100%| E|CS|TAMS 0x00000000ff900000, 0x00000000ff900000| Complete 
|  58|0x00000000ffa00000, 0x00000000ffb00000, 0x00000000ffb00000|100%| E|CS|TAMS 0x00000000ffa00000, 0x00000000ffa00000| Complete 
|  59|0x00000000ffb00000, 0x00000000ffc00000, 0x00000000ffc00000|100%| E|  |TAMS 0x00000000ffb00000, 0x00000000ffb00000| Complete 
|  60|0x00000000ffc00000, 0x00000000ffd00000, 0x00000000ffd00000|100%| E|CS|TAMS 0x00000000ffc00000, 0x00000000ffc00000| Complete 
|  61|0x00000000ffd00000, 0x00000000ffe00000, 0x00000000ffe00000|100%| E|CS|TAMS 0x00000000ffd00000, 0x00000000ffd00000| Complete 
|  62|0x00000000ffe00000, 0x00000000fff00000, 0x00000000fff00000|100%| E|CS|TAMS 0x00000000ffe00000, 0x00000000ffe00000| Complete 
|  63|0x00000000fff00000, 0x0000000100000000, 0x0000000100000000|100%| E|CS|TAMS 0x00000000fff00000, 0x00000000fff00000| Complete 

Card table byte_map: [0x0000017c26260000,0x0000017c26280000] _byte_map_base: 0x0000017c25a80000

Marking Bits (Prev, Next): (CMBitMap*) 0x0000017c26394080, (CMBitMap*) 0x0000017c263940c0
 Prev Bits: [0x0000017c3d190000, 0x0000017c3d290000)
 Next Bits: [0x0000017c3d290000, 0x0000017c3d390000)

Polling page: 0x0000017c24310000

Metaspace:

Usage:
  Non-class:      2.94 MB used.
      Class:    404.73 KB used.
       Both:      3.34 MB used.

Virtual space:
  Non-class space:       64.00 MB reserved,       3.00 MB (  5%) committed,  1 nodes.
      Class space:        1.00 GB reserved,     512.00 KB ( <1%) committed,  1 nodes.
             Both:        1.06 GB reserved,       3.50 MB ( <1%) committed. 

Chunk freelists:
   Non-Class:  10.88 MB
       Class:  15.48 MB
        Both:  26.36 MB

MaxMetaspaceSize: unlimited
CompressedClassSpaceSize: 1.00 GB
Initial GC threshold: 21.00 MB
Current GC threshold: 21.00 MB
CDS: on
MetaspaceReclaimPolicy: balanced
 - commit_granule_bytes: 65536.
 - commit_granule_words: 8192.
 - virtual_space_node_default_size: 8388608.
 - enlarge_chunks_in_place: 1.
 - new_chunks_are_fully_committed: 0.
 - uncommit_free_chunks: 1.
 - use_allocation_guard: 0.
 - handle_deallocations: 1.


Internal statistics:

num_allocs_failed_limit: 0.
num_arena_births: 16.
num_arena_deaths: 0.
num_vsnodes_births: 2.
num_vsnodes_deaths: 0.
num_space_committed: 56.
num_space_uncommitted: 0.
num_chunks_returned_to_freelist: 0.
num_chunks_taken_from_freelist: 90.
num_chunk_merges: 0.
num_chunk_splits: 58.
num_chunks_enlarged: 52.
num_inconsistent_stats: 0.

CodeHeap 'non-profiled nmethods': size=120000Kb used=386Kb max_used=386Kb free=119613Kb
 bounds [0x0000017c35930000, 0x0000017c35ba0000, 0x0000017c3ce60000]
CodeHeap 'profiled nmethods': size=120000Kb used=1710Kb max_used=1710Kb free=118289Kb
 bounds [0x0000017c2de60000, 0x0000017c2e0d0000, 0x0000017c35390000]
CodeHeap 'non-nmethods': size=5760Kb used=1139Kb max_used=1160Kb free=4620Kb
 bounds [0x0000017c35390000, 0x0000017c35600000, 0x0000017c35930000]
 total_blobs=1293 nmethods=881 adapters=325
 compilation: enabled
              stopped_count=0, restarted_count=0
 full_count=0

Compilation events (20 events):
Event: 0.569 Thread 0x0000017c3fd4e0a0 nmethod 865 0x0000017c2dfede10 code [0x0000017c2dfee120, 0x0000017c2dfef5d8]
Event: 0.569 Thread 0x0000017c3fd4e0a0  864       3       java.util.jar.JarFile::getManifest (5 bytes)
Event: 0.569 Thread 0x0000017c3fd4e0a0 nmethod 864 0x0000017c2dfefd10 code [0x0000017c2dfefea0, 0x0000017c2dfeffe8]
Event: 0.570 Thread 0x0000017c3fd4e0a0  867   !   3       java.lang.ClassLoader::addClass (27 bytes)
Event: 0.570 Thread 0x0000017c3fd4e0a0 nmethod 867 0x0000017c2dff0090 code [0x0000017c2dff0260, 0x0000017c2dff0828]
Event: 0.570 Thread 0x0000017c3fd4e0a0  868       3       sun.net.www.protocol.jar.Handler::parseURL (173 bytes)
Event: 0.571 Thread 0x0000017c3fd4e0a0 nmethod 868 0x0000017c2dff0b90 code [0x0000017c2dff0e40, 0x0000017c2dff19f8]
Event: 0.571 Thread 0x0000017c3fd4e0a0  869       3       sun.net.www.protocol.jar.Handler::parseContextSpec (150 bytes)
Event: 0.574 Thread 0x0000017c3fd4e0a0 nmethod 869 0x0000017c2dff1f10 code [0x0000017c2dff23a0, 0x0000017c2dff4078]
Event: 0.574 Thread 0x0000017c3fd4e0a0  871       3       java.util.LinkedHashMap::afterNodeInsertion (40 bytes)
Event: 0.574 Thread 0x0000017c3fd4e0a0 nmethod 871 0x0000017c2dff4a90 code [0x0000017c2dff4c20, 0x0000017c2dff4e18]
Event: 0.574 Thread 0x0000017c3fd4e0a0  870       3       java.net.URLStreamHandler::setURL (159 bytes)
Event: 0.575 Thread 0x0000017c3fd4e0a0 nmethod 870 0x0000017c2dff4f10 code [0x0000017c2dff52a0, 0x0000017c2dff6828]
Event: 0.577 Thread 0x0000017c3fd4e0a0  872       3       java.lang.ClassNotFoundException::<init> (7 bytes)
Event: 0.578 Thread 0x0000017c3fd4e0a0 nmethod 872 0x0000017c2dff7110 code [0x0000017c2dff72c0, 0x0000017c2dff74c8]
Event: 0.582 Thread 0x0000017c3fd4e0a0  874       3       java.util.HashMap::<init> (11 bytes)
Event: 0.582 Thread 0x0000017c3fd4e0a0 nmethod 874 0x0000017c2dff7610 code [0x0000017c2dff77c0, 0x0000017c2dff7998]
Event: 0.584 Thread 0x0000017c3fd4e0a0  875   !   3       java.net.URLClassLoader::defineClass (224 bytes)
Event: 0.586 Thread 0x0000017c3fd4e0a0 nmethod 875 0x0000017c2dff7a90 code [0x0000017c2dff7f40, 0x0000017c2dffa0a8]
Event: 0.586 Thread 0x0000017c3fd4e0a0  876       3       java.net.URLClassLoader::getAndVerifyPackage (109 bytes)

GC Heap History (2 events):
Event: 0.400 GC heap before
{Heap before GC invocations=0 (full 0):
 garbage-first heap   total 65536K, used 23552K [0x00000000fc000000, 0x0000000100000000)
  region size 1024K, 23 young (23552K), 0 survivors (0K)
 Metaspace       used 1806K, committed 1920K, reserved 1114112K
  class space    used 159K, committed 192K, reserved 1048576K
}
Event: 0.404 GC heap after
{Heap after GC invocations=1 (full 0):
 garbage-first heap   total 65536K, used 2944K [0x00000000fc000000, 0x0000000100000000)
  region size 1024K, 3 young (3072K), 3 survivors (3072K)
 Metaspace       used 1806K, committed 1920K, reserved 1114112K
  class space    used 159K, committed 192K, reserved 1048576K
}

Dll operation events (7 events):
Event: 0.009 Loaded shared library C:\Program Files\Microsoft\jdk-17.0.8.7-hotspot\bin\java.dll
Event: 0.037 Loaded shared library C:\Program Files\Microsoft\jdk-17.0.8.7-hotspot\bin\jsvml.dll
Event: 0.084 Loaded shared library C:\Program Files\Microsoft\jdk-17.0.8.7-hotspot\bin\net.dll
Event: 0.087 Loaded shared library C:\Program Files\Microsoft\jdk-17.0.8.7-hotspot\bin\nio.dll
Event: 0.091 Loaded shared library C:\Program Files\Microsoft\jdk-17.0.8.7-hotspot\bin\zip.dll
Event: 0.097 Loaded shared library C:\Program Files\Microsoft\jdk-17.0.8.7-hotspot\bin\verify.dll
Event: 0.350 Loaded shared library C:\Program Files\Microsoft\jdk-17.0.8.7-hotspot\bin\jimage.dll

Deoptimization events (20 events):
Event: 0.446 Thread 0x0000017c26373b90 DEOPT PACKING pc=0x0000017c3596e918 sp=0x000000580d4fc170
Event: 0.446 Thread 0x0000017c26373b90 DEOPT UNPACKING pc=0x0000017c353ea1a3 sp=0x000000580d4fc100 mode 2
Event: 0.481 Thread 0x0000017c26373b90 DEOPT PACKING pc=0x0000017c2df5ca77 sp=0x000000580d4f7ad0
Event: 0.481 Thread 0x0000017c26373b90 DEOPT UNPACKING pc=0x0000017c353eace3 sp=0x000000580d4f6f30 mode 0
Event: 0.482 Thread 0x0000017c26373b90 DEOPT PACKING pc=0x0000017c2df41b88 sp=0x000000580d4f92c0
Event: 0.482 Thread 0x0000017c26373b90 DEOPT UNPACKING pc=0x0000017c353eace3 sp=0x000000580d4f87c8 mode 0
Event: 0.528 Thread 0x0000017c26373b90 Uncommon trap: trap_request=0xffffff45 fr.pc=0x0000017c3597455c relative=0x000000000000005c
Event: 0.528 Thread 0x0000017c26373b90 Uncommon trap: reason=unstable_if action=reinterpret pc=0x0000017c3597455c method=java.util.LinkedHashMap.afterNodeInsertion(Z)V @ 1 c2
Event: 0.528 Thread 0x0000017c26373b90 DEOPT PACKING pc=0x0000017c3597455c sp=0x000000580d4fd570
Event: 0.528 Thread 0x0000017c26373b90 DEOPT UNPACKING pc=0x0000017c353ea1a3 sp=0x000000580d4fd4f0 mode 2
Event: 0.550 Thread 0x0000017c26373b90 DEOPT PACKING pc=0x0000017c2deaf856 sp=0x000000580d4f8b30
Event: 0.550 Thread 0x0000017c26373b90 DEOPT UNPACKING pc=0x0000017c353eace3 sp=0x000000580d4f7fb8 mode 0
Event: 0.557 Thread 0x0000017c26373b90 Uncommon trap: trap_request=0xffffffde fr.pc=0x0000017c3595acd4 relative=0x00000000000007f4
Event: 0.557 Thread 0x0000017c26373b90 Uncommon trap: reason=class_check action=maybe_recompile pc=0x0000017c3595acd4 method=java.util.Properties$LineReader.readLine()I @ 70 c2
Event: 0.557 Thread 0x0000017c26373b90 DEOPT PACKING pc=0x0000017c3595acd4 sp=0x000000580d4fc8a0
Event: 0.557 Thread 0x0000017c26373b90 DEOPT UNPACKING pc=0x0000017c353ea1a3 sp=0x000000580d4fc840 mode 2
Event: 0.557 Thread 0x0000017c26373b90 Uncommon trap: trap_request=0xffffff45 fr.pc=0x0000017c3595a948 relative=0x0000000000000468
Event: 0.557 Thread 0x0000017c26373b90 Uncommon trap: reason=unstable_if action=reinterpret pc=0x0000017c3595a948 method=java.util.Properties$LineReader.readLine()I @ 189 c2
Event: 0.557 Thread 0x0000017c26373b90 DEOPT PACKING pc=0x0000017c3595a948 sp=0x000000580d4fc8a0
Event: 0.557 Thread 0x0000017c26373b90 DEOPT UNPACKING pc=0x0000017c353ea1a3 sp=0x000000580d4fc848 mode 2

Classes unloaded (0 events):
No events

Classes redefined (0 events):
No events

Internal exceptions (1 events):
Event: 0.167 Thread 0x0000017c26373b90 Exception <a 'java/lang/NoSuchMethodError'{0x00000000ffdf7b88}: 'int java.lang.invoke.DirectMethodHandle$Holder.invokeStaticInit(java.lang.Object, java.lang.Object)'> (0x00000000ffdf7b88) 
thrown [s\src\hotspot\share\interpreter\linkResolver.cpp, line 759]

VM Operations (4 events):
Event: 0.092 Executing VM operation: HandshakeAllThreads
Event: 0.092 Executing VM operation: HandshakeAllThreads done
Event: 0.400 Executing VM operation: G1CollectForAllocation
Event: 0.405 Executing VM operation: G1CollectForAllocation done

Events (20 events):
Event: 0.526 loading class sun/reflect/annotation/AnnotationInvocationHandler
Event: 0.526 loading class sun/reflect/annotation/AnnotationInvocationHandler done
Event: 0.527 loading class java/lang/annotation/Target
Event: 0.527 loading class java/lang/annotation/Target done
Event: 0.534 loading class java/lang/reflect/InvocationTargetException
Event: 0.534 loading class java/lang/reflect/InvocationTargetException done
Event: 0.536 loading class java/util/concurrent/ConcurrentLinkedQueue
Event: 0.536 loading class java/util/AbstractQueue
Event: 0.536 loading class java/util/AbstractQueue done
Event: 0.536 loading class java/util/concurrent/ConcurrentLinkedQueue done
Event: 0.536 loading class java/util/concurrent/ConcurrentLinkedQueue$Node
Event: 0.536 loading class java/util/concurrent/ConcurrentLinkedQueue$Node done
Event: 0.539 loading class java/util/NoSuchElementException
Event: 0.539 loading class java/util/NoSuchElementException done
Event: 0.540 loading class java/lang/reflect/ParameterizedType
Event: 0.540 loading class java/lang/reflect/ParameterizedType done
Event: 0.583 loading class java/io/InvalidObjectException
Event: 0.583 loading class java/io/ObjectStreamException
Event: 0.583 loading class java/io/ObjectStreamException done
Event: 0.583 loading class java/io/InvalidObjectException done


Dynamic libraries:
0x00007ff6a49f0000 - 0x00007ff6a49fe000 	C:\Program Files\Microsoft\jdk-17.0.8.7-hotspot\bin\java.exe
0x00007ffc0be70000 - 0x00007ffc0c087000 	C:\WINDOWS\SYSTEM32\ntdll.dll
0x00007ffc0aab0000 - 0x00007ffc0ab74000 	C:\WINDOWS\System32\KERNEL32.DLL
0x00007ffc09400000 - 0x00007ffc097d3000 	C:\WINDOWS\System32\KERNELBASE.dll
0x00007ffc09900000 - 0x00007ffc09a11000 	C:\WINDOWS\System32\ucrtbase.dll
0x00007ffbe94a0000 - 0x00007ffbe94bb000 	C:\Program Files\Microsoft\jdk-17.0.8.7-hotspot\bin\VCRUNTIME140.dll
0x00007ffbe94c0000 - 0x00007ffbe94d7000 	C:\Program Files\Microsoft\jdk-17.0.8.7-hotspot\bin\jli.dll
0x00007ffc0b6a0000 - 0x00007ffc0b851000 	C:\WINDOWS\System32\USER32.dll
0x00007ffc09ae0000 - 0x00007ffc09b06000 	C:\WINDOWS\System32\win32u.dll
0x00007ffbe9880000 - 0x00007ffbe9b18000 	C:\WINDOWS\WinSxS\amd64_microsoft.windows.common-controls_6595b64144ccf1df_6.0.22621.5124_none_270e8f4f7386d69d\COMCTL32.dll
0x00007ffc0a740000 - 0x00007ffc0a769000 	C:\WINDOWS\System32\GDI32.dll
0x00007ffc0b870000 - 0x00007ffc0b917000 	C:\WINDOWS\System32\msvcrt.dll
0x00007ffc097e0000 - 0x00007ffc098fb000 	C:\WINDOWS\System32\gdi32full.dll
0x00007ffc09000000 - 0x00007ffc0909a000 	C:\WINDOWS\System32\msvcp_win.dll
0x00007ffc0b100000 - 0x00007ffc0b131000 	C:\WINDOWS\System32\IMM32.DLL
0x00007ffbfc030000 - 0x00007ffbfc03c000 	C:\Program Files\Microsoft\jdk-17.0.8.7-hotspot\bin\vcruntime140_1.dll
0x00007ffbd6100000 - 0x00007ffbd618d000 	C:\Program Files\Microsoft\jdk-17.0.8.7-hotspot\bin\msvcp140.dll
0x00007ffbb5cb0000 - 0x00007ffbb6915000 	C:\Program Files\Microsoft\jdk-17.0.8.7-hotspot\bin\server\jvm.dll
0x00007ffc0bd70000 - 0x00007ffc0be21000 	C:\WINDOWS\System32\ADVAPI32.dll
0x00007ffc0a4c0000 - 0x00007ffc0a568000 	C:\WINDOWS\System32\sechost.dll
0x00007ffc093d0000 - 0x00007ffc093f8000 	C:\WINDOWS\System32\bcrypt.dll
0x00007ffc0a610000 - 0x00007ffc0a724000 	C:\WINDOWS\System32\RPCRT4.dll
0x00007ffbd8b30000 - 0x00007ffbd8b39000 	C:\WINDOWS\SYSTEM32\WSOCK32.dll
0x00007ffc02210000 - 0x00007ffc02244000 	C:\WINDOWS\SYSTEM32\WINMM.dll
0x00007ffc0a7e0000 - 0x00007ffc0a851000 	C:\WINDOWS\System32\WS2_32.dll
0x00007ffbfe370000 - 0x00007ffbfe37a000 	C:\WINDOWS\SYSTEM32\VERSION.dll
0x00007ffc08780000 - 0x00007ffc087cd000 	C:\WINDOWS\SYSTEM32\POWRPROF.dll
0x00007ffc08730000 - 0x00007ffc08743000 	C:\WINDOWS\SYSTEM32\UMPDC.dll
0x00007ffc07fb0000 - 0x00007ffc07fc8000 	C:\WINDOWS\SYSTEM32\kernel.appcore.dll
0x00007ffbe9490000 - 0x00007ffbe949a000 	C:\Program Files\Microsoft\jdk-17.0.8.7-hotspot\bin\jimage.dll
0x00007ffc06950000 - 0x00007ffc06b82000 	C:\WINDOWS\SYSTEM32\DBGHELP.DLL
0x00007ffc0b9d0000 - 0x00007ffc0bd62000 	C:\WINDOWS\System32\combase.dll
0x00007ffc0ac90000 - 0x00007ffc0ad67000 	C:\WINDOWS\System32\OLEAUT32.dll
0x00007ffbe86c0000 - 0x00007ffbe86f2000 	C:\WINDOWS\SYSTEM32\dbgcore.DLL
0x00007ffc08f80000 - 0x00007ffc08ffb000 	C:\WINDOWS\System32\bcryptPrimitives.dll
0x00007ffbe6890000 - 0x00007ffbe68b5000 	C:\Program Files\Microsoft\jdk-17.0.8.7-hotspot\bin\java.dll
0x00007ffbc68a0000 - 0x00007ffbc6977000 	C:\Program Files\Microsoft\jdk-17.0.8.7-hotspot\bin\jsvml.dll
0x00007ffc09c20000 - 0x00007ffc0a4b6000 	C:\WINDOWS\System32\SHELL32.dll
0x00007ffc090a0000 - 0x00007ffc091df000 	C:\WINDOWS\System32\wintypes.dll
0x00007ffc06e60000 - 0x00007ffc0777a000 	C:\WINDOWS\SYSTEM32\windows.storage.dll
0x00007ffc0ab80000 - 0x00007ffc0ac8a000 	C:\WINDOWS\System32\SHCORE.dll
0x00007ffc0a770000 - 0x00007ffc0a7d3000 	C:\WINDOWS\System32\shlwapi.dll
0x00007ffc08eb0000 - 0x00007ffc08edb000 	C:\WINDOWS\SYSTEM32\profapi.dll
0x00007ffbe6870000 - 0x00007ffbe6889000 	C:\Program Files\Microsoft\jdk-17.0.8.7-hotspot\bin\net.dll
0x00007ffc05940000 - 0x00007ffc05a6c000 	C:\WINDOWS\SYSTEM32\WINHTTP.dll
0x00007ffc084a0000 - 0x00007ffc0850a000 	C:\WINDOWS\system32\mswsock.dll
0x00007ffbe66d0000 - 0x00007ffbe66e6000 	C:\Program Files\Microsoft\jdk-17.0.8.7-hotspot\bin\nio.dll
0x00007ffbe6650000 - 0x00007ffbe6668000 	C:\Program Files\Microsoft\jdk-17.0.8.7-hotspot\bin\zip.dll
0x00007ffbda4d0000 - 0x00007ffbda4e0000 	C:\Program Files\Microsoft\jdk-17.0.8.7-hotspot\bin\verify.dll

dbghelp: loaded successfully - version: 4.0.5 - missing functions: none
symbol engine: initialized successfully - sym options: 0x614 - pdb path: .;C:\Program Files\Microsoft\jdk-17.0.8.7-hotspot\bin;C:\WINDOWS\SYSTEM32;C:\WINDOWS\WinSxS\amd64_microsoft.windows.common-controls_6595b64144ccf1df_6.0.22621.5124_none_270e8f4f7386d69d;C:\Program Files\Microsoft\jdk-17.0.8.7-hotspot\bin\server

VM Arguments:
jvm_args: -Xmx64m -Xms64m -Dorg.gradle.appname=gradlew 
java_command: org.gradle.wrapper.GradleWrapperMain app:installDebug -PreactNativeDevServerPort=8081
java_class_path (initial): F:\Nam_4\HMDrinks\hmdrinks_app\hmdrinsk_orderapp\android\\gradle\wrapper\gradle-wrapper.jar
Launcher Type: SUN_STANDARD

[Global flags]
     intx CICompilerCount                          = 4                                         {product} {ergonomic}
     uint ConcGCThreads                            = 2                                         {product} {ergonomic}
     uint G1ConcRefinementThreads                  = 8                                         {product} {ergonomic}
   size_t G1HeapRegionSize                         = 1048576                                   {product} {ergonomic}
    uintx GCDrainStackTargetSize                   = 64                                        {product} {ergonomic}
   size_t InitialHeapSize                          = 67108864                                  {product} {command line}
   size_t MarkStackSize                            = 4194304                                   {product} {ergonomic}
   size_t MaxHeapSize                              = 67108864                                  {product} {command line}
   size_t MaxNewSize                               = 39845888                                  {product} {ergonomic}
   size_t MinHeapDeltaBytes                        = 1048576                                   {product} {ergonomic}
   size_t MinHeapSize                              = 67108864                                  {product} {command line}
    uintx NonNMethodCodeHeapSize                   = 5839372                                {pd product} {ergonomic}
    uintx NonProfiledCodeHeapSize                  = 122909434                              {pd product} {ergonomic}
    uintx ProfiledCodeHeapSize                     = 122909434                              {pd product} {ergonomic}
    uintx ReservedCodeCacheSize                    = 251658240                              {pd product} {ergonomic}
     bool SegmentedCodeCache                       = true                                      {product} {ergonomic}
   size_t SoftMaxHeapSize                          = 67108864                               {manageable} {ergonomic}
     bool UseCompressedClassPointers               = true                           {product lp64_product} {ergonomic}
     bool UseCompressedOops                        = true                           {product lp64_product} {ergonomic}
     bool UseG1GC                                  = true                                      {product} {ergonomic}
     bool UseLargePagesIndividualAllocation        = false                                  {pd product} {ergonomic}

Logging:
Log output configuration:
 #0: stdout all=warning uptime,level,tags
 #1: stderr all=off uptime,level,tags

Environment Variables:
JAVA_HOME=C:\Program Files\Microsoft\jdk-17.0.8.7-hotspot\
CLASSPATH=F:\Nam_4\HMDrinks\hmdrinks_app\hmdrinsk_orderapp\android\\gradle\wrapper\gradle-wrapper.jar
PATH=F:\Nam_4\HMDrinks\hmdrinks_app\hmdrinsk_orderapp\node_modules\.bin;F:\Nam_4\HMDrinks\hmdrinks_app\hmdrinsk_orderapp\node_modules\.bin;F:\Nam_4\HMDrinks\hmdrinks_app\node_modules\.bin;F:\Nam_4\HMDrinks\node_modules\.bin;F:\Nam_4\node_modules\.bin;F:\node_modules\.bin;C:\Program Files\nodejs\node_modules\npm\node_modules\@npmcli\run-script\lib\node-gyp-bin;C:\Program Files\Microsoft\jdk-17.0.8.7-hotspot\bin;C:\Program Files\Microsoft MPI\Bin\;C:\Program Files\Common Files\Oracle\Java\javapath;C:\Program Files (x86)\Common Files\Oracle\Java\javapath;C:\windows\system32;C:\windows;C:\windows\System32\Wbem;C:\windows\System32\WindowsPowerShell\v1.0\;C:\windows\System32\OpenSSH\;C:\Program Files\Git\cmd;C:\Program Files\Azure Data Studio\bin;C:\WINDOWS\system32;C:\WINDOWS;C:\WINDOWS\System32\Wbem;C:\WINDOWS\System32\WindowsPowerShell\v1.0\;C:\WINDOWS\System32\OpenSSH\;F:\HK1\LTWeb\bin;F:\HK1\LTWeb\JDK\bin;F:\HK1\LTWeb\JDK\bin;%MAVEN_HOME\bin;%JAVA_HOME\bin;C:\Program Files\Java\jdk-17\bin;F:\HK1\LTWeb\TOMCAT\apache-tomcat-9.0.65-windows-x64\apache-tomcat-9.0.65\bin;F:\HK1\LTWeb\MAVEN\apache-maven-3.8.6-bin\apache-maven-3.8.6\bin;C:\Program Files\MySQL\MySQL Server 8.0\bin;%JAVA_HOME\lib\security\cacerts;C:\ProgramData\chocolatey\bin;C:\Program Files\nodejs\;C:\WINDOWS\system32\config\systemprofile\AppData\Local\Android\Sdk;C:\WINDOWS\system32\config\systemprofile\AppData\Local\Android\Sdk\platform-tools;C:\Program Files\HP\HP One Agent;F:\MuyXue\Sonar\sonar-scanner-cli-5.0.1.3006-windows\sonar-scanner-5.0.1.3006-windows\bin;c:\Users\DIEM MY\AppData\Local\Programs\cursor\resources\app\bin;C:\Program Files\Microsoft SQL Server\150\Tools\Binn\;C:\Users\DIEM MY\AppData\Local\Android\Sdk\tools;C:\Users\DIEM MY\AppData\Local\Android\Sdk\tools;C:\Program Files\MySQL\MySQL Shell 8.0\bin\;C:\Users\DIEM MY\AppData\Local\Programs\Python\Python311\Scripts\;C:\Users\DIEM MY\AppData\Local\Programs\Python\Python311\;C:\Users\DIEM MY\AppData\Local\Programs\Python\Python39\Scripts\;C:\U
USERNAME=DIEM MY
LANG=en_US.UTF-8
OS=Windows_NT
PROCESSOR_IDENTIFIER=Intel64 Family 6 Model 140 Stepping 1, GenuineIntel
TMP=C:\Users\DIEMMY~1\AppData\Local\Temp
TEMP=C:\Users\DIEMMY~1\AppData\Local\Temp



---------------  S Y S T E M  ---------------

OS:
 Windows 11 , 64 bit Build 22621 (10.0.22621.5124)
OS uptime: 1 days 7:07 hours
Hyper-V role detected

CPU: total 8 (initial active 8) (4 cores per cpu, 2 threads per core) family 6 model 140 stepping 1 microcode 0xa4, cx8, cmov, fxsr, ht, mmx, 3dnowpref, sse, sse2, sse3, ssse3, sse4.1, sse4.2, popcnt, lzcnt, tsc, tscinvbit, avx, avx2, aes, erms, clmul, bmi1, bmi2, adx, avx512f, avx512dq, avx512cd, avx512bw, avx512vl, sha, fma, vzeroupper, avx512_vpopcntdq, avx512_vpclmulqdq, avx512_vaes, avx512_vnni, clflush, clflushopt, clwb, avx512_vbmi2, avx512_vbmi, hv
Processor Information for processor 0
  Max Mhz: 2803, Current Mhz: 1201, Mhz Limit: 2803
Processor Information for processor 1
  Max Mhz: 2803, Current Mhz: 2803, Mhz Limit: 2803
Processor Information for processor 2
  Max Mhz: 2803, Current Mhz: 2803, Mhz Limit: 2803
Processor Information for processor 3
  Max Mhz: 2803, Current Mhz: 2803, Mhz Limit: 2803
Processor Information for processor 4
  Max Mhz: 2803, Current Mhz: 2803, Mhz Limit: 2803
Processor Information for processor 5
  Max Mhz: 2803, Current Mhz: 2803, Mhz Limit: 2803
Processor Information for processor 6
  Max Mhz: 2803, Current Mhz: 2803, Mhz Limit: 2803
Processor Information for processor 7
  Max Mhz: 2803, Current Mhz: 2803, Mhz Limit: 2803

Memory: 4k page, system-wide physical 7937M (460M free)
TotalPageFile size 32513M (AvailPageFile size 1M)
current process WorkingSet (physical memory assigned to process): 85M, peak: 85M
current process commit charge ("private bytes"): 164M, peak: 164M

vm_info: OpenJDK 64-Bit Server VM (17.0.8+7-LTS) for windows-amd64 JRE (17.0.8+7-LTS), built on Jul  7 2023 17:21:55 by "MicrosoftCorporation" with MS VC++ 16.10 / 16.11 (VS2019)

END.
